This file contains any messages produced by compilers while
running configure, to aid debugging if configure makes a mistake.

It was created by alsa-lib configure 1.1.4, which was
generated by GNU Autoconf 2.69.  Invocation command line was

  $ ./configure --host=aarch64-linux-gnu --disable-python --prefix=/home/lvxinliang/workspace/asr/sounder/out host_alias=aarch64-linux-gnu --no-create --no-recursion

## --------- ##
## Platform. ##
## --------- ##

hostname = ubuntu
uname -m = x86_64
uname -r = 4.13.0-36-generic
uname -s = Linux
uname -v = #40~16.04.1-Ubuntu SMP Fri Feb 16 23:25:58 UTC 2018

/usr/bin/uname -p = unknown
/bin/uname -X     = unknown

/bin/arch              = unknown
/usr/bin/arch -k       = unknown
/usr/convex/getsysinfo = unknown
/usr/bin/hostinfo      = unknown
/bin/machine           = unknown
/usr/bin/oslevel       = unknown
/bin/universe          = unknown

PATH: /home/lvxinliang/workspace/sh
PATH: /home/lvxinliang/crosstools/gcc-linaro-6.3.1-2017.02-x86_64_aarch64-linux-gnu/bin
PATH: /home/lvxinliang/bin
PATH: /home/lvxinliang/.local/bin
PATH: /usr/local/sbin
PATH: /usr/local/bin
PATH: /usr/sbin
PATH: /usr/bin
PATH: /sbin
PATH: /bin
PATH: /usr/games
PATH: /usr/local/games
PATH: /snap/bin


## ----------- ##
## Core tests. ##
## ----------- ##

configure:2434: checking build system type
configure:2448: result: x86_64-unknown-linux-gnu
configure:2468: checking host system type
configure:2481: result: aarch64-unknown-linux-gnu
configure:2517: checking for a BSD-compatible install
configure:2585: result: /usr/bin/install -c
configure:2596: checking whether build environment is sane
configure:2651: result: yes
configure:2710: checking for aarch64-linux-gnu-strip
configure:2726: found /home/lvxinliang/crosstools/gcc-linaro-6.3.1-2017.02-x86_64_aarch64-linux-gnu/bin/aarch64-linux-gnu-strip
configure:2737: result: aarch64-linux-gnu-strip
configure:2802: checking for a thread-safe mkdir -p
configure:2841: result: /bin/mkdir -p
configure:2848: checking for gawk
configure:2878: result: no
configure:2848: checking for mawk
configure:2864: found /usr/bin/mawk
configure:2875: result: mawk
configure:2886: checking whether make sets $(MAKE)
configure:2908: result: yes
configure:3005: checking whether to enable maintainer-specific portions of Makefiles
configure:3014: result: yes
configure:3040: checking whether make supports nested variables
configure:3057: result: yes
configure:3080: checking for aarch64-linux-gnu-gcc
configure:3096: found /home/lvxinliang/crosstools/gcc-linaro-6.3.1-2017.02-x86_64_aarch64-linux-gnu/bin/aarch64-linux-gnu-gcc
configure:3107: result: aarch64-linux-gnu-gcc
configure:3376: checking for C compiler version
configure:3385: aarch64-linux-gnu-gcc --version >&5
aarch64-linux-gnu-gcc (Linaro GCC 6.3-2017.02) 6.3.1 20170109
Copyright (C) 2016 Free Software Foundation, Inc.
This is free software; see the source for copying conditions.  There is NO
warranty; not even for MERCHANTABILITY or FITNESS FOR A PARTICULAR PURPOSE.

configure:3396: $? = 0
configure:3385: aarch64-linux-gnu-gcc -v >&5
Using built-in specs.
COLLECT_GCC=aarch64-linux-gnu-gcc
COLLECT_LTO_WRAPPER=/home/lvxinliang/crosstools/gcc-linaro-6.3.1-2017.02-x86_64_aarch64-linux-gnu/bin/../libexec/gcc/aarch64-linux-gnu/6.3.1/lto-wrapper
Target: aarch64-linux-gnu
Configured with: /home/tcwg-buildslave/workspace/tcwg-make-release/label/docker-trusty-amd64-tcwg-build/target/aarch64-linux-gnu/snapshots/gcc-linaro-6.3-2017.02/configure SHELL=/bin/bash --with-mpc=/home/tcwg-buildslave/workspace/tcwg-make-release/label/docker-trusty-amd64-tcwg-build/target/aarch64-linux-gnu/_build/builds/destdir/x86_64-unknown-linux-gnu --with-mpfr=/home/tcwg-buildslave/workspace/tcwg-make-release/label/docker-trusty-amd64-tcwg-build/target/aarch64-linux-gnu/_build/builds/destdir/x86_64-unknown-linux-gnu --with-gmp=/home/tcwg-buildslave/workspace/tcwg-make-release/label/docker-trusty-amd64-tcwg-build/target/aarch64-linux-gnu/_build/builds/destdir/x86_64-unknown-linux-gnu --with-gnu-as --with-gnu-ld --disable-libmudflap --enable-lto --enable-objc-gc --enable-shared --without-included-gettext --enable-nls --disable-sjlj-exceptions --enable-gnu-unique-object --enable-linker-build-id --disable-libstdcxx-pch --enable-c99 --enable-clocale=gnu --enable-libstdcxx-debug --enable-long-long --with-cloog=no --with-ppl=no --with-isl=no --disable-multilib --enable-fix-cortex-a53-835769 --enable-fix-cortex-a53-843419 --with-arch=armv8-a --enable-threads=posix --enable-multiarch --enable-libstdcxx-time=yes --enable-gnu-indirect-function --with-build-sysroot=/home/tcwg-buildslave/workspace/tcwg-make-release/label/docker-trusty-amd64-tcwg-build/target/aarch64-linux-gnu/_build/sysroots/aarch64-linux-gnu --with-sysroot=/home/tcwg-buildslave/workspace/tcwg-make-release/label/docker-trusty-amd64-tcwg-build/target/aarch64-linux-gnu/_build/builds/destdir/x86_64-unknown-linux-gnu/aarch64-linux-gnu/libc --enable-checking=release --disable-bootstrap --enable-languages=c,c++,fortran,lto --build=x86_64-unknown-linux-gnu --host=x86_64-unknown-linux-gnu --target=aarch64-linux-gnu --prefix=/home/tcwg-buildslave/workspace/tcwg-make-release/label/docker-trusty-amd64-tcwg-build/target/aarch64-linux-gnu/_build/builds/destdir/x86_64-unknown-linux-gnu
Thread model: posix
gcc version 6.3.1 20170109 (Linaro GCC 6.3-2017.02) 
configure:3396: $? = 0
configure:3385: aarch64-linux-gnu-gcc -V >&5
aarch64-linux-gnu-gcc: error: unrecognized command line option '-V'
aarch64-linux-gnu-gcc: fatal error: no input files
compilation terminated.
configure:3396: $? = 1
configure:3385: aarch64-linux-gnu-gcc -qversion >&5
aarch64-linux-gnu-gcc: error: unrecognized command line option '-qversion'; did you mean '--version'?
aarch64-linux-gnu-gcc: fatal error: no input files
compilation terminated.
configure:3396: $? = 1
configure:3416: checking whether the C compiler works
configure:3438: aarch64-linux-gnu-gcc    conftest.c  >&5
configure:3442: $? = 0
configure:3490: result: yes
configure:3493: checking for C compiler default output file name
configure:3495: result: a.out
configure:3501: checking for suffix of executables
configure:3508: aarch64-linux-gnu-gcc -o conftest    conftest.c  >&5
configure:3512: $? = 0
configure:3534: result: 
configure:3556: checking whether we are cross compiling
configure:3564: aarch64-linux-gnu-gcc -o conftest    conftest.c  >&5
configure:3568: $? = 0
configure:3575: ./conftest
./configure: line 3577: ./conftest: cannot execute binary file: Exec format error
configure:3579: $? = 126
configure:3594: result: yes
configure:3599: checking for suffix of object files
configure:3621: aarch64-linux-gnu-gcc -c   conftest.c >&5
configure:3625: $? = 0
configure:3646: result: o
configure:3650: checking whether we are using the GNU C compiler
configure:3669: aarch64-linux-gnu-gcc -c   conftest.c >&5
configure:3669: $? = 0
configure:3678: result: yes
configure:3687: checking whether aarch64-linux-gnu-gcc accepts -g
configure:3707: aarch64-linux-gnu-gcc -c -g  conftest.c >&5
configure:3707: $? = 0
configure:3748: result: yes
configure:3765: checking for aarch64-linux-gnu-gcc option to accept ISO C89
configure:3828: aarch64-linux-gnu-gcc  -c -g -O2  conftest.c >&5
configure:3828: $? = 0
configure:3841: result: none needed
configure:3872: checking for style of include used by make
configure:3900: result: GNU
configure:3926: checking dependency style of aarch64-linux-gnu-gcc
configure:4037: result: gcc3
configure:4057: checking how to run the C preprocessor
configure:4088: aarch64-linux-gnu-gcc -E  conftest.c
configure:4088: $? = 0
configure:4102: aarch64-linux-gnu-gcc -E  conftest.c
conftest.c:11:28: fatal error: ac_nonexistent.h: No such file or directory
 #include <ac_nonexistent.h>
                            ^
compilation terminated.
configure:4102: $? = 1
configure: failed program was:
| /* confdefs.h */
| #define PACKAGE_NAME "alsa-lib"
| #define PACKAGE_TARNAME "alsa-lib"
| #define PACKAGE_VERSION "1.1.4"
| #define PACKAGE_STRING "alsa-lib 1.1.4"
| #define PACKAGE_BUGREPORT ""
| #define PACKAGE_URL ""
| #define PACKAGE "alsa-lib"
| #define VERSION "1.1.4"
| /* end confdefs.h.  */
| #include <ac_nonexistent.h>
configure:4127: result: aarch64-linux-gnu-gcc -E
configure:4147: aarch64-linux-gnu-gcc -E  conftest.c
configure:4147: $? = 0
configure:4161: aarch64-linux-gnu-gcc -E  conftest.c
conftest.c:11:28: fatal error: ac_nonexistent.h: No such file or directory
 #include <ac_nonexistent.h>
                            ^
compilation terminated.
configure:4161: $? = 1
configure: failed program was:
| /* confdefs.h */
| #define PACKAGE_NAME "alsa-lib"
| #define PACKAGE_TARNAME "alsa-lib"
| #define PACKAGE_VERSION "1.1.4"
| #define PACKAGE_STRING "alsa-lib 1.1.4"
| #define PACKAGE_BUGREPORT ""
| #define PACKAGE_URL ""
| #define PACKAGE "alsa-lib"
| #define VERSION "1.1.4"
| /* end confdefs.h.  */
| #include <ac_nonexistent.h>
configure:4191: checking for grep that handles long lines and -e
configure:4249: result: /bin/grep
configure:4254: checking for egrep
configure:4316: result: /bin/grep -E
configure:4321: checking for ANSI C header files
configure:4341: aarch64-linux-gnu-gcc -c -g -O2  conftest.c >&5
configure:4341: $? = 0
configure:4425: result: yes
configure:4438: checking for sys/types.h
configure:4438: aarch64-linux-gnu-gcc -c -g -O2  conftest.c >&5
configure:4438: $? = 0
configure:4438: result: yes
configure:4438: checking for sys/stat.h
configure:4438: aarch64-linux-gnu-gcc -c -g -O2  conftest.c >&5
configure:4438: $? = 0
configure:4438: result: yes
configure:4438: checking for stdlib.h
configure:4438: aarch64-linux-gnu-gcc -c -g -O2  conftest.c >&5
configure:4438: $? = 0
configure:4438: result: yes
configure:4438: checking for string.h
configure:4438: aarch64-linux-gnu-gcc -c -g -O2  conftest.c >&5
configure:4438: $? = 0
configure:4438: result: yes
configure:4438: checking for memory.h
configure:4438: aarch64-linux-gnu-gcc -c -g -O2  conftest.c >&5
configure:4438: $? = 0
configure:4438: result: yes
configure:4438: checking for strings.h
configure:4438: aarch64-linux-gnu-gcc -c -g -O2  conftest.c >&5
configure:4438: $? = 0
configure:4438: result: yes
configure:4438: checking for inttypes.h
configure:4438: aarch64-linux-gnu-gcc -c -g -O2  conftest.c >&5
configure:4438: $? = 0
configure:4438: result: yes
configure:4438: checking for stdint.h
configure:4438: aarch64-linux-gnu-gcc -c -g -O2  conftest.c >&5
configure:4438: $? = 0
configure:4438: result: yes
configure:4438: checking for unistd.h
configure:4438: aarch64-linux-gnu-gcc -c -g -O2  conftest.c >&5
configure:4438: $? = 0
configure:4438: result: yes
configure:4451: checking minix/config.h usability
configure:4451: aarch64-linux-gnu-gcc -c -g -O2  conftest.c >&5
conftest.c:54:26: fatal error: minix/config.h: No such file or directory
 #include <minix/config.h>
                          ^
compilation terminated.
configure:4451: $? = 1
configure: failed program was:
| /* confdefs.h */
| #define PACKAGE_NAME "alsa-lib"
| #define PACKAGE_TARNAME "alsa-lib"
| #define PACKAGE_VERSION "1.1.4"
| #define PACKAGE_STRING "alsa-lib 1.1.4"
| #define PACKAGE_BUGREPORT ""
| #define PACKAGE_URL ""
| #define PACKAGE "alsa-lib"
| #define VERSION "1.1.4"
| #define STDC_HEADERS 1
| #define HAVE_SYS_TYPES_H 1
| #define HAVE_SYS_STAT_H 1
| #define HAVE_STDLIB_H 1
| #define HAVE_STRING_H 1
| #define HAVE_MEMORY_H 1
| #define HAVE_STRINGS_H 1
| #define HAVE_INTTYPES_H 1
| #define HAVE_STDINT_H 1
| #define HAVE_UNISTD_H 1
| /* end confdefs.h.  */
| #include <stdio.h>
| #ifdef HAVE_SYS_TYPES_H
| # include <sys/types.h>
| #endif
| #ifdef HAVE_SYS_STAT_H
| # include <sys/stat.h>
| #endif
| #ifdef STDC_HEADERS
| # include <stdlib.h>
| # include <stddef.h>
| #else
| # ifdef HAVE_STDLIB_H
| #  include <stdlib.h>
| # endif
| #endif
| #ifdef HAVE_STRING_H
| # if !defined STDC_HEADERS && defined HAVE_MEMORY_H
| #  include <memory.h>
| # endif
| # include <string.h>
| #endif
| #ifdef HAVE_STRINGS_H
| # include <strings.h>
| #endif
| #ifdef HAVE_INTTYPES_H
| # include <inttypes.h>
| #endif
| #ifdef HAVE_STDINT_H
| # include <stdint.h>
| #endif
| #ifdef HAVE_UNISTD_H
| # include <unistd.h>
| #endif
| #include <minix/config.h>
configure:4451: result: no
configure:4451: checking minix/config.h presence
configure:4451: aarch64-linux-gnu-gcc -E  conftest.c
conftest.c:21:26: fatal error: minix/config.h: No such file or directory
 #include <minix/config.h>
                          ^
compilation terminated.
configure:4451: $? = 1
configure: failed program was:
| /* confdefs.h */
| #define PACKAGE_NAME "alsa-lib"
| #define PACKAGE_TARNAME "alsa-lib"
| #define PACKAGE_VERSION "1.1.4"
| #define PACKAGE_STRING "alsa-lib 1.1.4"
| #define PACKAGE_BUGREPORT ""
| #define PACKAGE_URL ""
| #define PACKAGE "alsa-lib"
| #define VERSION "1.1.4"
| #define STDC_HEADERS 1
| #define HAVE_SYS_TYPES_H 1
| #define HAVE_SYS_STAT_H 1
| #define HAVE_STDLIB_H 1
| #define HAVE_STRING_H 1
| #define HAVE_MEMORY_H 1
| #define HAVE_STRINGS_H 1
| #define HAVE_INTTYPES_H 1
| #define HAVE_STDINT_H 1
| #define HAVE_UNISTD_H 1
| /* end confdefs.h.  */
| #include <minix/config.h>
configure:4451: result: no
configure:4451: checking for minix/config.h
configure:4451: result: no
configure:4472: checking whether it is safe to define __EXTENSIONS__
configure:4490: aarch64-linux-gnu-gcc -c -g -O2  conftest.c >&5
configure:4490: $? = 0
configure:4497: result: yes
configure:4512: checking whether ln -s works
configure:4516: result: yes
configure:4604: checking how to print strings
configure:4631: result: printf
configure:4652: checking for a sed that does not truncate output
configure:4716: result: /bin/sed
configure:4734: checking for fgrep
configure:4796: result: /bin/grep -F
configure:4831: checking for ld used by aarch64-linux-gnu-gcc
configure:4898: result: /home/lvxinliang/crosstools/gcc-linaro-6.3.1-2017.02-x86_64_aarch64-linux-gnu/aarch64-linux-gnu/bin/ld
configure:4905: checking if the linker (/home/lvxinliang/crosstools/gcc-linaro-6.3.1-2017.02-x86_64_aarch64-linux-gnu/aarch64-linux-gnu/bin/ld) is GNU ld
configure:4920: result: yes
configure:4932: checking for BSD- or MS-compatible name lister (nm)
configure:4981: result: /home/lvxinliang/crosstools/gcc-linaro-6.3.1-2017.02-x86_64_aarch64-linux-gnu/bin/aarch64-linux-gnu-nm -B
configure:5111: checking the name lister (/home/lvxinliang/crosstools/gcc-linaro-6.3.1-2017.02-x86_64_aarch64-linux-gnu/bin/aarch64-linux-gnu-nm -B) interface
configure:5118: aarch64-linux-gnu-gcc -c -g -O2  conftest.c >&5
configure:5121: /home/lvxinliang/crosstools/gcc-linaro-6.3.1-2017.02-x86_64_aarch64-linux-gnu/bin/aarch64-linux-gnu-nm -B "conftest.o"
configure:5124: output
0000000000000000 B some_variable
configure:5131: result: BSD nm
configure:5135: checking the maximum length of command line arguments
configure:5265: result: 1572864
configure:5282: checking whether the shell understands some XSI constructs
configure:5292: result: yes
configure:5296: checking whether the shell understands "+="
configure:5302: result: yes
configure:5337: checking how to convert x86_64-unknown-linux-gnu file names to aarch64-unknown-linux-gnu format
configure:5377: result: func_convert_file_noop
configure:5384: checking how to convert x86_64-unknown-linux-gnu file names to toolchain format
configure:5404: result: func_convert_file_noop
configure:5411: checking for /home/lvxinliang/crosstools/gcc-linaro-6.3.1-2017.02-x86_64_aarch64-linux-gnu/aarch64-linux-gnu/bin/ld option to reload object files
configure:5418: result: -r
configure:5452: checking for aarch64-linux-gnu-objdump
configure:5468: found /home/lvxinliang/crosstools/gcc-linaro-6.3.1-2017.02-x86_64_aarch64-linux-gnu/bin/aarch64-linux-gnu-objdump
configure:5479: result: aarch64-linux-gnu-objdump
configure:5551: checking how to recognize dependent libraries
configure:5753: result: pass_all
configure:5798: checking for aarch64-linux-gnu-dlltool
configure:5828: result: no
configure:5838: checking for dlltool
configure:5868: result: no
configure:5898: checking how to associate runtime and link libraries
configure:5925: result: printf %s\n
configure:5941: checking for aarch64-linux-gnu-ar
configure:5957: found /home/lvxinliang/crosstools/gcc-linaro-6.3.1-2017.02-x86_64_aarch64-linux-gnu/bin/aarch64-linux-gnu-ar
configure:5968: result: aarch64-linux-gnu-ar
configure:6049: checking for archiver @FILE support
configure:6066: aarch64-linux-gnu-gcc -c -g -O2  conftest.c >&5
configure:6066: $? = 0
configure:6069: aarch64-linux-gnu-ar cru libconftest.a @conftest.lst >&5
configure:6072: $? = 0
configure:6077: aarch64-linux-gnu-ar cru libconftest.a @conftest.lst >&5
aarch64-linux-gnu-ar: conftest.o: No such file or directory
configure:6080: $? = 1
configure:6092: result: @
configure:6110: checking for aarch64-linux-gnu-strip
configure:6137: result: aarch64-linux-gnu-strip
configure:6209: checking for aarch64-linux-gnu-ranlib
configure:6225: found /home/lvxinliang/crosstools/gcc-linaro-6.3.1-2017.02-x86_64_aarch64-linux-gnu/bin/aarch64-linux-gnu-ranlib
configure:6236: result: aarch64-linux-gnu-ranlib
configure:6378: checking command to parse /home/lvxinliang/crosstools/gcc-linaro-6.3.1-2017.02-x86_64_aarch64-linux-gnu/bin/aarch64-linux-gnu-nm -B output from aarch64-linux-gnu-gcc object
configure:6498: aarch64-linux-gnu-gcc -c -g -O2  conftest.c >&5
configure:6501: $? = 0
configure:6505: /home/lvxinliang/crosstools/gcc-linaro-6.3.1-2017.02-x86_64_aarch64-linux-gnu/bin/aarch64-linux-gnu-nm -B conftest.o \| sed -n -e 's/^.*[ ]\([ABCDGIRSTW][ABCDGIRSTW]*\)[ ][ ]*\([_A-Za-z][_A-Za-z0-9]*\)$/\1 \2 \2/p' | sed '/ __gnu_lto/d' \> conftest.nm
configure:6508: $? = 0
configure:6574: aarch64-linux-gnu-gcc -o conftest -g -O2   conftest.c conftstm.o >&5
configure:6577: $? = 0
configure:6615: result: ok
configure:6652: checking for sysroot
configure:6682: result: no
configure:6898: checking for aarch64-linux-gnu-mt
configure:6928: result: no
configure:6938: checking for mt
configure:6954: found /bin/mt
configure:6965: result: mt
configure:6977: WARNING: using cross tools not prefixed with host triplet
configure:6988: checking if mt is a manifest tool
configure:6994: mt '-?'
configure:7002: result: no
configure:7641: checking for dlfcn.h
configure:7641: aarch64-linux-gnu-gcc -c -g -O2  conftest.c >&5
configure:7641: $? = 0
configure:7641: result: yes
configure:7815: checking for objdir
configure:7830: result: .libs
configure:8097: checking if aarch64-linux-gnu-gcc supports -fno-rtti -fno-exceptions
configure:8115: aarch64-linux-gnu-gcc -c -g -O2  -fno-rtti -fno-exceptions conftest.c >&5
cc1: warning: command line option '-fno-rtti' is valid for C++/ObjC++ but not for C
configure:8119: $? = 0
configure:8132: result: no
configure:8459: checking for aarch64-linux-gnu-gcc option to produce PIC
configure:8466: result: -fPIC -DPIC
configure:8474: checking if aarch64-linux-gnu-gcc PIC flag -fPIC -DPIC works
configure:8492: aarch64-linux-gnu-gcc -c -g -O2  -fPIC -DPIC -DPIC conftest.c >&5
configure:8496: $? = 0
configure:8509: result: yes
configure:8538: checking if aarch64-linux-gnu-gcc static flag -static works
configure:8566: result: yes
configure:8581: checking if aarch64-linux-gnu-gcc supports -c -o file.o
configure:8602: aarch64-linux-gnu-gcc -c -g -O2  -o out/conftest2.o conftest.c >&5
configure:8606: $? = 0
configure:8628: result: yes
configure:8636: checking if aarch64-linux-gnu-gcc supports -c -o file.o
configure:8683: result: yes
configure:8716: checking whether the aarch64-linux-gnu-gcc linker (/home/lvxinliang/crosstools/gcc-linaro-6.3.1-2017.02-x86_64_aarch64-linux-gnu/aarch64-linux-gnu/bin/ld) supports shared libraries
configure:9869: result: yes
configure:9906: checking whether -lc should be explicitly linked in
configure:9914: aarch64-linux-gnu-gcc -c -g -O2  conftest.c >&5
configure:9917: $? = 0
configure:9932: aarch64-linux-gnu-gcc -shared  -fPIC -DPIC conftest.o  -v -Wl,-soname -Wl,conftest -o conftest 2\>\&1 \| /bin/grep  -lc  \>/dev/null 2\>\&1
configure:9935: $? = 0
configure:9949: result: no
configure:10109: checking dynamic linker characteristics
configure:10620: aarch64-linux-gnu-gcc -o conftest -g -O2   -Wl,-rpath -Wl,/foo conftest.c  >&5
configure:10620: $? = 0
configure:10846: result: GNU/Linux ld.so
configure:10953: checking how to hardcode library paths into programs
configure:10978: result: immediate
configure:11072: checking for shl_load
configure:11072: aarch64-linux-gnu-gcc -o conftest -g -O2   conftest.c  >&5
/tmp/ccKPuKqB.o: In function `main':
/home/lvxinliang/workspace/asr/sounder/three/alsa-lib-1.1.4/conftest.c:62: undefined reference to `shl_load'
collect2: error: ld returned 1 exit status
configure:11072: $? = 1
configure: failed program was:
| /* confdefs.h */
| #define PACKAGE_NAME "alsa-lib"
| #define PACKAGE_TARNAME "alsa-lib"
| #define PACKAGE_VERSION "1.1.4"
| #define PACKAGE_STRING "alsa-lib 1.1.4"
| #define PACKAGE_BUGREPORT ""
| #define PACKAGE_URL ""
| #define PACKAGE "alsa-lib"
| #define VERSION "1.1.4"
| #define STDC_HEADERS 1
| #define HAVE_SYS_TYPES_H 1
| #define HAVE_SYS_STAT_H 1
| #define HAVE_STDLIB_H 1
| #define HAVE_STRING_H 1
| #define HAVE_MEMORY_H 1
| #define HAVE_STRINGS_H 1
| #define HAVE_INTTYPES_H 1
| #define HAVE_STDINT_H 1
| #define HAVE_UNISTD_H 1
| #define __EXTENSIONS__ 1
| #define _ALL_SOURCE 1
| #define _GNU_SOURCE 1
| #define _POSIX_PTHREAD_SEMANTICS 1
| #define _TANDEM_SOURCE 1
| #define HAVE_DLFCN_H 1
| #define LT_OBJDIR ".libs/"
| /* end confdefs.h.  */
| /* Define shl_load to an innocuous variant, in case <limits.h> declares shl_load.
|    For example, HP-UX 11i <limits.h> declares gettimeofday.  */
| #define shl_load innocuous_shl_load
| 
| /* System header to define __stub macros and hopefully few prototypes,
|     which can conflict with char shl_load (); below.
|     Prefer <limits.h> to <assert.h> if __STDC__ is defined, since
|     <limits.h> exists even on freestanding compilers.  */
| 
| #ifdef __STDC__
| # include <limits.h>
| #else
| # include <assert.h>
| #endif
| 
| #undef shl_load
| 
| /* Override any GCC internal prototype to avoid an error.
|    Use char because int might match the return type of a GCC
|    builtin and then its argument prototype would still apply.  */
| #ifdef __cplusplus
| extern "C"
| #endif
| char shl_load ();
| /* The GNU C library defines this for functions which it implements
|     to always fail with ENOSYS.  Some functions are actually named
|     something starting with __ and the normal name is an alias.  */
| #if defined __stub_shl_load || defined __stub___shl_load
| choke me
| #endif
| 
| int
| main ()
| {
| return shl_load ();
|   ;
|   return 0;
| }
configure:11072: result: no
configure:11076: checking for shl_load in -ldld
configure:11101: aarch64-linux-gnu-gcc -o conftest -g -O2   conftest.c -ldld   >&5
/home/lvxinliang/crosstools/gcc-linaro-6.3.1-2017.02-x86_64_aarch64-linux-gnu/bin/../lib/gcc/aarch64-linux-gnu/6.3.1/../../../../aarch64-linux-gnu/bin/ld: cannot find -ldld
collect2: error: ld returned 1 exit status
configure:11101: $? = 1
configure: failed program was:
| /* confdefs.h */
| #define PACKAGE_NAME "alsa-lib"
| #define PACKAGE_TARNAME "alsa-lib"
| #define PACKAGE_VERSION "1.1.4"
| #define PACKAGE_STRING "alsa-lib 1.1.4"
| #define PACKAGE_BUGREPORT ""
| #define PACKAGE_URL ""
| #define PACKAGE "alsa-lib"
| #define VERSION "1.1.4"
| #define STDC_HEADERS 1
| #define HAVE_SYS_TYPES_H 1
| #define HAVE_SYS_STAT_H 1
| #define HAVE_STDLIB_H 1
| #define HAVE_STRING_H 1
| #define HAVE_MEMORY_H 1
| #define HAVE_STRINGS_H 1
| #define HAVE_INTTYPES_H 1
| #define HAVE_STDINT_H 1
| #define HAVE_UNISTD_H 1
| #define __EXTENSIONS__ 1
| #define _ALL_SOURCE 1
| #define _GNU_SOURCE 1
| #define _POSIX_PTHREAD_SEMANTICS 1
| #define _TANDEM_SOURCE 1
| #define HAVE_DLFCN_H 1
| #define LT_OBJDIR ".libs/"
| /* end confdefs.h.  */
| 
| /* Override any GCC internal prototype to avoid an error.
|    Use char because int might match the return type of a GCC
|    builtin and then its argument prototype would still apply.  */
| #ifdef __cplusplus
| extern "C"
| #endif
| char shl_load ();
| int
| main ()
| {
| return shl_load ();
|   ;
|   return 0;
| }
configure:11110: result: no
configure:11115: checking for dlopen
configure:11115: aarch64-linux-gnu-gcc -o conftest -g -O2   conftest.c  >&5
/tmp/cc6ign1K.o: In function `main':
/home/lvxinliang/workspace/asr/sounder/three/alsa-lib-1.1.4/conftest.c:62: undefined reference to `dlopen'
collect2: error: ld returned 1 exit status
configure:11115: $? = 1
configure: failed program was:
| /* confdefs.h */
| #define PACKAGE_NAME "alsa-lib"
| #define PACKAGE_TARNAME "alsa-lib"
| #define PACKAGE_VERSION "1.1.4"
| #define PACKAGE_STRING "alsa-lib 1.1.4"
| #define PACKAGE_BUGREPORT ""
| #define PACKAGE_URL ""
| #define PACKAGE "alsa-lib"
| #define VERSION "1.1.4"
| #define STDC_HEADERS 1
| #define HAVE_SYS_TYPES_H 1
| #define HAVE_SYS_STAT_H 1
| #define HAVE_STDLIB_H 1
| #define HAVE_STRING_H 1
| #define HAVE_MEMORY_H 1
| #define HAVE_STRINGS_H 1
| #define HAVE_INTTYPES_H 1
| #define HAVE_STDINT_H 1
| #define HAVE_UNISTD_H 1
| #define __EXTENSIONS__ 1
| #define _ALL_SOURCE 1
| #define _GNU_SOURCE 1
| #define _POSIX_PTHREAD_SEMANTICS 1
| #define _TANDEM_SOURCE 1
| #define HAVE_DLFCN_H 1
| #define LT_OBJDIR ".libs/"
| /* end confdefs.h.  */
| /* Define dlopen to an innocuous variant, in case <limits.h> declares dlopen.
|    For example, HP-UX 11i <limits.h> declares gettimeofday.  */
| #define dlopen innocuous_dlopen
| 
| /* System header to define __stub macros and hopefully few prototypes,
|     which can conflict with char dlopen (); below.
|     Prefer <limits.h> to <assert.h> if __STDC__ is defined, since
|     <limits.h> exists even on freestanding compilers.  */
| 
| #ifdef __STDC__
| # include <limits.h>
| #else
| # include <assert.h>
| #endif
| 
| #undef dlopen
| 
| /* Override any GCC internal prototype to avoid an error.
|    Use char because int might match the return type of a GCC
|    builtin and then its argument prototype would still apply.  */
| #ifdef __cplusplus
| extern "C"
| #endif
| char dlopen ();
| /* The GNU C library defines this for functions which it implements
|     to always fail with ENOSYS.  Some functions are actually named
|     something starting with __ and the normal name is an alias.  */
| #if defined __stub_dlopen || defined __stub___dlopen
| choke me
| #endif
| 
| int
| main ()
| {
| return dlopen ();
|   ;
|   return 0;
| }
configure:11115: result: no
configure:11119: checking for dlopen in -ldl
configure:11144: aarch64-linux-gnu-gcc -o conftest -g -O2   conftest.c -ldl   >&5
configure:11144: $? = 0
configure:11153: result: yes
configure:11272: checking whether a program can dlopen itself
configure:11373: result: cross
configure:11518: checking whether stripping libraries is possible
configure:11523: result: yes
configure:11558: checking if libtool supports shared libraries
configure:11560: result: yes
configure:11563: checking whether to build shared libraries
configure:11584: result: yes
configure:11587: checking whether to build static libraries
configure:11591: result: no
configure:11631: checking for ANSI C header files
configure:11735: result: yes
configure:11746: checking for an ANSI C-conforming const
configure:11812: aarch64-linux-gnu-gcc -c -g -O2  conftest.c >&5
configure:11812: $? = 0
configure:11819: result: yes
configure:11827: checking for inline
configure:11843: aarch64-linux-gnu-gcc -c -g -O2  conftest.c >&5
configure:11843: $? = 0
configure:11851: result: inline
configure:11869: checking whether time.h and sys/time.h may both be included
configure:11889: aarch64-linux-gnu-gcc -c -g -O2  conftest.c >&5
configure:11889: $? = 0
configure:11896: result: yes
configure:11906: checking whether aarch64-linux-gnu-gcc needs -traditional
configure:11940: result: no
configure:11949: checking for uselocale
configure:11949: aarch64-linux-gnu-gcc -o conftest -g -O2   conftest.c  >&5
configure:11949: $? = 0
configure:11949: result: yes
configure:11960: checking for library version
configure:11985: result: major 1 minor 1 subminor 4 extrastr  extraver 1000000
configure:12076: checking for versioned symbols
configure:12103: result: yes
configure:12122: checking for symbolic-functions
configure:12141: result: no
configure:12153: checking for custom symbol prefixes
configure:12166: result: 
configure:12169: checking for debug
configure:12180: result: yes
configure:12191: checking for debug assert
configure:12207: result: no
configure:12212: checking for tmpdir
configure:12222: result: /tmp
configure:12230: checking for softfloat
configure:12248: result: no
configure:12257: checking for libdl
configure:12269: checking for dlsym in -ldl
configure:12294: aarch64-linux-gnu-gcc -o conftest -g -O2   conftest.c -ldl   >&5
configure:12294: $? = 0
configure:12303: result: yes
configure:12328: checking for pthread
configure:12339: checking for pthread_join in -lpthread
configure:12364: aarch64-linux-gnu-gcc -o conftest -g -O2   conftest.c -lpthread   >&5
configure:12364: $? = 0
configure:12373: result: yes
configure:12390: checking for __thread
configure:12405: aarch64-linux-gnu-gcc -o conftest -g -O2   conftest.c  >&5
configure:12405: $? = 0
configure:12409: result: yes
configure:12418: checking for librt
configure:12429: checking for clock_gettime in -lrt
configure:12454: aarch64-linux-gnu-gcc -o conftest -g -O2   conftest.c -lrt   >&5
configure:12454: $? = 0
configure:12463: result: yes
configure:12488: checking wordexp.h usability
configure:12488: aarch64-linux-gnu-gcc -c -g -O2  conftest.c >&5
configure:12488: $? = 0
configure:12488: result: yes
configure:12488: checking wordexp.h presence
configure:12488: aarch64-linux-gnu-gcc -E  conftest.c
configure:12488: $? = 0
configure:12488: result: yes
configure:12488: checking for wordexp.h
configure:12488: result: yes
configure:12488: checking endian.h usability
configure:12488: aarch64-linux-gnu-gcc -c -g -O2  conftest.c >&5
configure:12488: $? = 0
configure:12488: result: yes
configure:12488: checking endian.h presence
configure:12488: aarch64-linux-gnu-gcc -E  conftest.c
configure:12488: $? = 0
configure:12488: result: yes
configure:12488: checking for endian.h
configure:12488: result: yes
configure:12488: checking sys/endian.h usability
configure:12488: aarch64-linux-gnu-gcc -c -g -O2  conftest.c >&5
conftest.c:78:24: fatal error: sys/endian.h: No such file or directory
 #include <sys/endian.h>
                        ^
compilation terminated.
configure:12488: $? = 1
configure: failed program was:
| /* confdefs.h */
| #define PACKAGE_NAME "alsa-lib"
| #define PACKAGE_TARNAME "alsa-lib"
| #define PACKAGE_VERSION "1.1.4"
| #define PACKAGE_STRING "alsa-lib 1.1.4"
| #define PACKAGE_BUGREPORT ""
| #define PACKAGE_URL ""
| #define PACKAGE "alsa-lib"
| #define VERSION "1.1.4"
| #define STDC_HEADERS 1
| #define HAVE_SYS_TYPES_H 1
| #define HAVE_SYS_STAT_H 1
| #define HAVE_STDLIB_H 1
| #define HAVE_STRING_H 1
| #define HAVE_MEMORY_H 1
| #define HAVE_STRINGS_H 1
| #define HAVE_INTTYPES_H 1
| #define HAVE_STDINT_H 1
| #define HAVE_UNISTD_H 1
| #define __EXTENSIONS__ 1
| #define _ALL_SOURCE 1
| #define _GNU_SOURCE 1
| #define _POSIX_PTHREAD_SEMANTICS 1
| #define _TANDEM_SOURCE 1
| #define HAVE_DLFCN_H 1
| #define LT_OBJDIR ".libs/"
| #define STDC_HEADERS 1
| #define TIME_WITH_SYS_TIME 1
| #define HAVE_USELOCALE 1
| #define VERSION "1.1.4"
| #define ALSA_CONFIG_DIR "/home/lvxinliang/workspace/asr/sounder/out/share/alsa"
| #define ALSA_PLUGIN_DIR "/home/lvxinliang/workspace/asr/sounder/out/lib/alsa-lib"
| #define ALSA_PKGCONF_DIR "/home/lvxinliang/workspace/asr/sounder/out/lib/pkgconfig"
| #define VERSIONED_SYMBOLS /**/
| #define __SYMBOL_PREFIX ""
| #define TMPDIR "/tmp"
| #define HAVE_LIBDL 1
| #define HAVE_LIBPTHREAD 1
| #define HAVE___THREAD 1
| #define HAVE_LIBRT 1
| #define HAVE_CLOCK_GETTIME 1
| #define HAVE_WORDEXP_H 1
| #define HAVE_ENDIAN_H 1
| /* end confdefs.h.  */
| #include <stdio.h>
| #ifdef HAVE_SYS_TYPES_H
| # include <sys/types.h>
| #endif
| #ifdef HAVE_SYS_STAT_H
| # include <sys/stat.h>
| #endif
| #ifdef STDC_HEADERS
| # include <stdlib.h>
| # include <stddef.h>
| #else
| # ifdef HAVE_STDLIB_H
| #  include <stdlib.h>
| # endif
| #endif
| #ifdef HAVE_STRING_H
| # if !defined STDC_HEADERS && defined HAVE_MEMORY_H
| #  include <memory.h>
| # endif
| # include <string.h>
| #endif
| #ifdef HAVE_STRINGS_H
| # include <strings.h>
| #endif
| #ifdef HAVE_INTTYPES_H
| # include <inttypes.h>
| #endif
| #ifdef HAVE_STDINT_H
| # include <stdint.h>
| #endif
| #ifdef HAVE_UNISTD_H
| # include <unistd.h>
| #endif
| #include <sys/endian.h>
configure:12488: result: no
configure:12488: checking sys/endian.h presence
configure:12488: aarch64-linux-gnu-gcc -E  conftest.c
conftest.c:45:24: fatal error: sys/endian.h: No such file or directory
 #include <sys/endian.h>
                        ^
compilation terminated.
configure:12488: $? = 1
configure: failed program was:
| /* confdefs.h */
| #define PACKAGE_NAME "alsa-lib"
| #define PACKAGE_TARNAME "alsa-lib"
| #define PACKAGE_VERSION "1.1.4"
| #define PACKAGE_STRING "alsa-lib 1.1.4"
| #define PACKAGE_BUGREPORT ""
| #define PACKAGE_URL ""
| #define PACKAGE "alsa-lib"
| #define VERSION "1.1.4"
| #define STDC_HEADERS 1
| #define HAVE_SYS_TYPES_H 1
| #define HAVE_SYS_STAT_H 1
| #define HAVE_STDLIB_H 1
| #define HAVE_STRING_H 1
| #define HAVE_MEMORY_H 1
| #define HAVE_STRINGS_H 1
| #define HAVE_INTTYPES_H 1
| #define HAVE_STDINT_H 1
| #define HAVE_UNISTD_H 1
| #define __EXTENSIONS__ 1
| #define _ALL_SOURCE 1
| #define _GNU_SOURCE 1
| #define _POSIX_PTHREAD_SEMANTICS 1
| #define _TANDEM_SOURCE 1
| #define HAVE_DLFCN_H 1
| #define LT_OBJDIR ".libs/"
| #define STDC_HEADERS 1
| #define TIME_WITH_SYS_TIME 1
| #define HAVE_USELOCALE 1
| #define VERSION "1.1.4"
| #define ALSA_CONFIG_DIR "/home/lvxinliang/workspace/asr/sounder/out/share/alsa"
| #define ALSA_PLUGIN_DIR "/home/lvxinliang/workspace/asr/sounder/out/lib/alsa-lib"
| #define ALSA_PKGCONF_DIR "/home/lvxinliang/workspace/asr/sounder/out/lib/pkgconfig"
| #define VERSIONED_SYMBOLS /**/
| #define __SYMBOL_PREFIX ""
| #define TMPDIR "/tmp"
| #define HAVE_LIBDL 1
| #define HAVE_LIBPTHREAD 1
| #define HAVE___THREAD 1
| #define HAVE_LIBRT 1
| #define HAVE_CLOCK_GETTIME 1
| #define HAVE_WORDEXP_H 1
| #define HAVE_ENDIAN_H 1
| /* end confdefs.h.  */
| #include <sys/endian.h>
configure:12488: result: no
configure:12488: checking for sys/endian.h
configure:12488: result: no
configure:12488: checking sys/shm.h usability
configure:12488: aarch64-linux-gnu-gcc -c -g -O2  conftest.c >&5
configure:12488: $? = 0
configure:12488: result: yes
configure:12488: checking sys/shm.h presence
configure:12488: aarch64-linux-gnu-gcc -E  conftest.c
configure:12488: $? = 0
configure:12488: result: yes
configure:12488: checking for sys/shm.h
configure:12488: result: yes
configure:12499: checking for resmgr support
configure:12508: result: no
configure:12563: checking for aload* support
configure:12572: result: yes
configure:12580: checking for ALSA device file directory
configure:12598: result: /dev/snd/
configure:12601: checking for aload* device file directory
configure:12619: result: /dev/
configure:12858: checking whether GCC supports builtin atomic intrinsics
configure:12876: aarch64-linux-gnu-gcc -o conftest -g -O2   conftest.c  >&5
configure:12876: $? = 0
configure:12884: result: yes
configure:13274: checking for max number of cards
configure:13284: result: 32
configure:13299: checking for thread-safe API functions
configure:13309: result: yes
configure:13437: checking that generated files are newer than configure
configure:13443: result: done
configure:13650: creating ./config.status

## ---------------- ##
## Cache variables. ##
## ---------------- ##

ac_cv_build=x86_64-unknown-linux-gnu
ac_cv_c_compiler_gnu=yes
ac_cv_c_const=yes
ac_cv_c_inline=inline
ac_cv_env_CC_set=
ac_cv_env_CC_value=
ac_cv_env_CFLAGS_set=
ac_cv_env_CFLAGS_value=
ac_cv_env_CPPFLAGS_set=
ac_cv_env_CPPFLAGS_value=
ac_cv_env_CPP_set=
ac_cv_env_CPP_value=
ac_cv_env_LDFLAGS_set=
ac_cv_env_LDFLAGS_value=
ac_cv_env_LIBS_set=
ac_cv_env_LIBS_value=
ac_cv_env_build_alias_set=
ac_cv_env_build_alias_value=
ac_cv_env_host_alias_set=set
ac_cv_env_host_alias_value=aarch64-linux-gnu
ac_cv_env_target_alias_set=
ac_cv_env_target_alias_value=
ac_cv_func_dlopen=no
ac_cv_func_shl_load=no
ac_cv_func_uselocale=yes
ac_cv_header_dlfcn_h=yes
ac_cv_header_endian_h=yes
ac_cv_header_inttypes_h=yes
ac_cv_header_memory_h=yes
ac_cv_header_minix_config_h=no
ac_cv_header_stdc=yes
ac_cv_header_stdint_h=yes
ac_cv_header_stdlib_h=yes
ac_cv_header_string_h=yes
ac_cv_header_strings_h=yes
ac_cv_header_sys_endian_h=no
ac_cv_header_sys_shm_h=yes
ac_cv_header_sys_stat_h=yes
ac_cv_header_sys_types_h=yes
ac_cv_header_time=yes
ac_cv_header_unistd_h=yes
ac_cv_header_wordexp_h=yes
ac_cv_host=aarch64-unknown-linux-gnu
ac_cv_lib_dl_dlopen=yes
ac_cv_lib_dl_dlsym=yes
ac_cv_lib_dld_shl_load=no
ac_cv_lib_pthread_pthread_join=yes
ac_cv_lib_rt_clock_gettime=yes
ac_cv_objext=o
ac_cv_path_EGREP='/bin/grep -E'
ac_cv_path_FGREP='/bin/grep -F'
ac_cv_path_GREP=/bin/grep
ac_cv_path_SED=/bin/sed
ac_cv_path_install='/usr/bin/install -c'
ac_cv_path_mkdir=/bin/mkdir
ac_cv_prog_AR=aarch64-linux-gnu-ar
ac_cv_prog_AWK=mawk
ac_cv_prog_CC=aarch64-linux-gnu-gcc
ac_cv_prog_CPP='aarch64-linux-gnu-gcc -E'
ac_cv_prog_OBJDUMP=aarch64-linux-gnu-objdump
ac_cv_prog_RANLIB=aarch64-linux-gnu-ranlib
ac_cv_prog_STRIP=aarch64-linux-gnu-strip
ac_cv_prog_ac_ct_MANIFEST_TOOL=mt
ac_cv_prog_cc_c89=
ac_cv_prog_cc_g=yes
ac_cv_prog_gcc_traditional=no
ac_cv_prog_make_make_set=yes
ac_cv_safe_to_define___extensions__=yes
am_cv_CC_dependencies_compiler_type=gcc3
am_cv_make_support_nested_variables=yes
lt_cv_ar_at_file=@
lt_cv_archive_cmds_need_lc=no
lt_cv_deplibs_check_method=pass_all
lt_cv_dlopen=dlopen
lt_cv_dlopen_libs=-ldl
lt_cv_dlopen_self=cross
lt_cv_file_magic_cmd='$MAGIC_CMD'
lt_cv_file_magic_test_file=
lt_cv_ld_reload_flag=-r
lt_cv_nm_interface='BSD nm'
lt_cv_objdir=.libs
lt_cv_path_LD=/home/lvxinliang/crosstools/gcc-linaro-6.3.1-2017.02-x86_64_aarch64-linux-gnu/aarch64-linux-gnu/bin/ld
lt_cv_path_NM='/home/lvxinliang/crosstools/gcc-linaro-6.3.1-2017.02-x86_64_aarch64-linux-gnu/bin/aarch64-linux-gnu-nm -B'
lt_cv_path_mainfest_tool=no
lt_cv_prog_compiler_c_o=yes
lt_cv_prog_compiler_pic='-fPIC -DPIC'
lt_cv_prog_compiler_pic_works=yes
lt_cv_prog_compiler_rtti_exceptions=no
lt_cv_prog_compiler_static_works=yes
lt_cv_prog_gnu_ld=yes
lt_cv_sharedlib_from_linklib_cmd='printf %s\n'
lt_cv_shlibpath_overrides_runpath=no
lt_cv_sys_global_symbol_pipe='sed -n -e '\''s/^.*[	 ]\([ABCDGIRSTW][ABCDGIRSTW]*\)[	 ][	 ]*\([_A-Za-z][_A-Za-z0-9]*\)$/\1 \2 \2/p'\'' | sed '\''/ __gnu_lto/d'\'''
lt_cv_sys_global_symbol_to_c_name_address='sed -n -e '\''s/^: \([^ ]*\)[ ]*$/  {\"\1\", (void *) 0},/p'\'' -e '\''s/^[ABCDGIRSTW]* \([^ ]*\) \([^ ]*\)$/  {"\2", (void *) \&\2},/p'\'''
lt_cv_sys_global_symbol_to_c_name_address_lib_prefix='sed -n -e '\''s/^: \([^ ]*\)[ ]*$/  {\"\1\", (void *) 0},/p'\'' -e '\''s/^[ABCDGIRSTW]* \([^ ]*\) \(lib[^ ]*\)$/  {"\2", (void *) \&\2},/p'\'' -e '\''s/^[ABCDGIRSTW]* \([^ ]*\) \([^ ]*\)$/  {"lib\2", (void *) \&\2},/p'\'''
lt_cv_sys_global_symbol_to_cdecl='sed -n -e '\''s/^T .* \(.*\)$/extern int \1();/p'\'' -e '\''s/^[ABCDGIRSTW]* .* \(.*\)$/extern char \1;/p'\'''
lt_cv_sys_max_cmd_len=1572864
lt_cv_to_host_file_cmd=func_convert_file_noop
lt_cv_to_tool_file_cmd=func_convert_file_noop

## ----------------- ##
## Output variables. ##
## ----------------- ##

ACLOCAL='${SHELL} /home/lvxinliang/workspace/asr/sounder/three/alsa-lib-1.1.4/missing --run aclocal-1.12'
ALSA_CONFIG_DIR='/home/lvxinliang/workspace/asr/sounder/out/share/alsa'
ALSA_DEPLIBS='-lm -ldl -lpthread -lrt'
ALSA_PKGCONF_DIR='/home/lvxinliang/workspace/asr/sounder/out/lib/pkgconfig'
ALSA_PLUGIN_DIR='/home/lvxinliang/workspace/asr/sounder/out/lib/alsa-lib'
AMDEPBACKSLASH='\'
AMDEP_FALSE='#'
AMDEP_TRUE=''
AMTAR='$${TAR-tar}'
AM_BACKSLASH='\'
AM_DEFAULT_V='$(AM_DEFAULT_VERBOSITY)'
AM_DEFAULT_VERBOSITY='0'
AM_V='$(V)'
AR='aarch64-linux-gnu-ar'
AUTOCONF='${SHELL} /home/lvxinliang/workspace/asr/sounder/three/alsa-lib-1.1.4/missing --run autoconf'
AUTOHEADER='${SHELL} /home/lvxinliang/workspace/asr/sounder/three/alsa-lib-1.1.4/missing --run autoheader'
AUTOMAKE='${SHELL} /home/lvxinliang/workspace/asr/sounder/three/alsa-lib-1.1.4/missing --run automake-1.12'
AWK='mawk'
BUILD_ALISP_FALSE='#'
BUILD_ALISP_TRUE=''
BUILD_CTL_PLUGIN_EXT_FALSE='#'
BUILD_CTL_PLUGIN_EXT_TRUE=''
BUILD_CTL_PLUGIN_FALSE='#'
BUILD_CTL_PLUGIN_SHM_FALSE='#'
BUILD_CTL_PLUGIN_SHM_TRUE=''
BUILD_CTL_PLUGIN_TRUE=''
BUILD_HWDEP_FALSE='#'
BUILD_HWDEP_TRUE=''
BUILD_MIXER_FALSE='#'
BUILD_MIXER_TRUE=''
BUILD_MODULES_FALSE='#'
BUILD_MODULES_TRUE=''
BUILD_PCM_FALSE='#'
BUILD_PCM_PLUGIN_ADPCM_FALSE='#'
BUILD_PCM_PLUGIN_ADPCM_TRUE=''
BUILD_PCM_PLUGIN_ALAW_FALSE='#'
BUILD_PCM_PLUGIN_ALAW_TRUE=''
BUILD_PCM_PLUGIN_ASYM_FALSE='#'
BUILD_PCM_PLUGIN_ASYM_TRUE=''
BUILD_PCM_PLUGIN_COPY_FALSE='#'
BUILD_PCM_PLUGIN_COPY_TRUE=''
BUILD_PCM_PLUGIN_DMIX_FALSE='#'
BUILD_PCM_PLUGIN_DMIX_TRUE=''
BUILD_PCM_PLUGIN_DSHARE_FALSE='#'
BUILD_PCM_PLUGIN_DSHARE_TRUE=''
BUILD_PCM_PLUGIN_DSNOOP_FALSE='#'
BUILD_PCM_PLUGIN_DSNOOP_TRUE=''
BUILD_PCM_PLUGIN_EMPTY_FALSE='#'
BUILD_PCM_PLUGIN_EMPTY_TRUE=''
BUILD_PCM_PLUGIN_EXTPLUG_FALSE='#'
BUILD_PCM_PLUGIN_EXTPLUG_TRUE=''
BUILD_PCM_PLUGIN_FALSE='#'
BUILD_PCM_PLUGIN_FILE_FALSE='#'
BUILD_PCM_PLUGIN_FILE_TRUE=''
BUILD_PCM_PLUGIN_HOOKS_FALSE='#'
BUILD_PCM_PLUGIN_HOOKS_TRUE=''
BUILD_PCM_PLUGIN_IEC958_FALSE='#'
BUILD_PCM_PLUGIN_IEC958_TRUE=''
BUILD_PCM_PLUGIN_IOPLUG_FALSE='#'
BUILD_PCM_PLUGIN_IOPLUG_TRUE=''
BUILD_PCM_PLUGIN_LADSPA_FALSE='#'
BUILD_PCM_PLUGIN_LADSPA_TRUE=''
BUILD_PCM_PLUGIN_LFLOAT_FALSE='#'
BUILD_PCM_PLUGIN_LFLOAT_TRUE=''
BUILD_PCM_PLUGIN_LINEAR_FALSE='#'
BUILD_PCM_PLUGIN_LINEAR_TRUE=''
BUILD_PCM_PLUGIN_METER_FALSE='#'
BUILD_PCM_PLUGIN_METER_TRUE=''
BUILD_PCM_PLUGIN_MMAP_EMUL_FALSE='#'
BUILD_PCM_PLUGIN_MMAP_EMUL_TRUE=''
BUILD_PCM_PLUGIN_MULAW_FALSE='#'
BUILD_PCM_PLUGIN_MULAW_TRUE=''
BUILD_PCM_PLUGIN_MULTI_FALSE='#'
BUILD_PCM_PLUGIN_MULTI_TRUE=''
BUILD_PCM_PLUGIN_NULL_FALSE='#'
BUILD_PCM_PLUGIN_NULL_TRUE=''
BUILD_PCM_PLUGIN_PLUG_FALSE='#'
BUILD_PCM_PLUGIN_PLUG_TRUE=''
BUILD_PCM_PLUGIN_RATE_FALSE='#'
BUILD_PCM_PLUGIN_RATE_TRUE=''
BUILD_PCM_PLUGIN_ROUTE_FALSE='#'
BUILD_PCM_PLUGIN_ROUTE_TRUE=''
BUILD_PCM_PLUGIN_SHARE_FALSE='#'
BUILD_PCM_PLUGIN_SHARE_TRUE=''
BUILD_PCM_PLUGIN_SHM_FALSE='#'
BUILD_PCM_PLUGIN_SHM_TRUE=''
BUILD_PCM_PLUGIN_SOFTVOL_FALSE='#'
BUILD_PCM_PLUGIN_SOFTVOL_TRUE=''
BUILD_PCM_PLUGIN_TRUE=''
BUILD_PCM_TRUE=''
BUILD_PYTHON_FALSE=''
BUILD_PYTHON_TRUE='#'
BUILD_RAWMIDI_FALSE='#'
BUILD_RAWMIDI_TRUE=''
BUILD_SEQ_FALSE='#'
BUILD_SEQ_TRUE=''
BUILD_TOPOLOGY_FALSE='#'
BUILD_TOPOLOGY_TRUE=''
BUILD_UCM_FALSE='#'
BUILD_UCM_TRUE=''
CC='aarch64-linux-gnu-gcc'
CCDEPMODE='depmode=gcc3'
CFLAGS='-g -O2'
CPP='aarch64-linux-gnu-gcc -E'
CPPFLAGS=''
CYGPATH_W='echo'
DEFS='-DHAVE_CONFIG_H'
DEPDIR='.deps'
DLLTOOL='false'
DSYMUTIL=''
DUMPBIN=''
ECHO_C=''
ECHO_N='-n'
ECHO_T=''
EGREP='/bin/grep -E'
EXEEXT=''
FGREP='/bin/grep -F'
GREP='/bin/grep'
INSTALL_DATA='${INSTALL} -m 644'
INSTALL_M4_FALSE='#'
INSTALL_M4_TRUE=''
INSTALL_PROGRAM='${INSTALL}'
INSTALL_SCRIPT='${INSTALL}'
INSTALL_STRIP_PROGRAM='$(install_sh) -c -s'
KEEP_OLD_SYMBOLS_FALSE='#'
KEEP_OLD_SYMBOLS_TRUE=''
LD='/home/lvxinliang/crosstools/gcc-linaro-6.3.1-2017.02-x86_64_aarch64-linux-gnu/aarch64-linux-gnu/bin/ld'
LDFLAGS=''
LIBOBJS=''
LIBS=''
LIBTOOL='$(SHELL) $(top_builddir)/libtool'
LIBTOOL_VERSION_INFO='2:0:0'
LIPO=''
LN_S='ln -s'
LTLIBOBJS=''
MAINT=''
MAINTAINER_MODE_FALSE='#'
MAINTAINER_MODE_TRUE=''
MAKEINFO='${SHELL} /home/lvxinliang/workspace/asr/sounder/three/alsa-lib-1.1.4/missing --run makeinfo'
MANIFEST_TOOL=':'
MKDIR_P='/bin/mkdir -p'
NM='/home/lvxinliang/crosstools/gcc-linaro-6.3.1-2017.02-x86_64_aarch64-linux-gnu/bin/aarch64-linux-gnu-nm -B'
NMEDIT=''
OBJDUMP='aarch64-linux-gnu-objdump'
OBJEXT='o'
OTOOL64=''
OTOOL=''
PACKAGE='alsa-lib'
PACKAGE_BUGREPORT=''
PACKAGE_NAME='alsa-lib'
PACKAGE_STRING='alsa-lib 1.1.4'
PACKAGE_TARNAME='alsa-lib'
PACKAGE_URL=''
PACKAGE_VERSION='1.1.4'
PATH_SEPARATOR=':'
PYTHON_INCLUDES=''
PYTHON_LIBS=''
RANLIB='aarch64-linux-gnu-ranlib'
SED='/bin/sed'
SET_MAKE=''
SHELL='/bin/bash'
SND_LIB_EXTRAVER='1000000'
SND_LIB_MAJOR='1'
SND_LIB_MINOR='1'
SND_LIB_SUBMINOR='4'
SND_LIB_VERSION='1.1.4'
STRIP='aarch64-linux-gnu-strip'
SYMBOLIC_FUNCTIONS_FALSE=''
SYMBOLIC_FUNCTIONS_TRUE='#'
SYMBOL_PREFIX=''
VERSION='1.1.4'
VERSIONED_SYMBOLS_FALSE='#'
VERSIONED_SYMBOLS_TRUE=''
ac_ct_AR=''
ac_ct_CC=''
ac_ct_DUMPBIN=''
am__EXEEXT_FALSE=''
am__EXEEXT_TRUE='#'
am__fastdepCC_FALSE='#'
am__fastdepCC_TRUE=''
am__include='include'
am__isrc=''
am__leading_dot='.'
am__nodep='_no'
am__quote=''
am__tar='$${TAR-tar} chof - "$$tardir"'
am__untar='$${TAR-tar} xf -'
bindir='${exec_prefix}/bin'
build='x86_64-unknown-linux-gnu'
build_alias=''
build_cpu='x86_64'
build_os='linux-gnu'
build_vendor='unknown'
datadir='${datarootdir}'
datarootdir='${prefix}/share'
docdir='${datarootdir}/doc/${PACKAGE_TARNAME}'
dvidir='${docdir}'
exec_prefix='/home/lvxinliang/workspace/asr/sounder/out'
host='aarch64-unknown-linux-gnu'
host_alias='aarch64-linux-gnu'
host_cpu='aarch64'
host_os='linux-gnu'
host_vendor='unknown'
htmldir='${docdir}'
includedir='${prefix}/include'
infodir='${datarootdir}/info'
install_sh='${SHELL} /home/lvxinliang/workspace/asr/sounder/three/alsa-lib-1.1.4/install-sh'
libdir='${exec_prefix}/lib'
libexecdir='${exec_prefix}/libexec'
localedir='${datarootdir}/locale'
localstatedir='${prefix}/var'
mandir='${datarootdir}/man'
mkdir_p='$(MKDIR_P)'
oldincludedir='/usr/include'
pdfdir='${docdir}'
prefix='/home/lvxinliang/workspace/asr/sounder/out'
program_transform_name='s,x,x,'
psdir='${docdir}'
runstatedir='${localstatedir}/run'
sbindir='${exec_prefix}/sbin'
sharedstatedir='${prefix}/com'
sysconfdir='${prefix}/etc'
target_alias=''

## ----------- ##
## confdefs.h. ##
## ----------- ##

/* confdefs.h */
#define PACKAGE_NAME "alsa-lib"
#define PACKAGE_TARNAME "alsa-lib"
#define PACKAGE_VERSION "1.1.4"
#define PACKAGE_STRING "alsa-lib 1.1.4"
#define PACKAGE_BUGREPORT ""
#define PACKAGE_URL ""
#define PACKAGE "alsa-lib"
#define VERSION "1.1.4"
#define STDC_HEADERS 1
#define HAVE_SYS_TYPES_H 1
#define HAVE_SYS_STAT_H 1
#define HAVE_STDLIB_H 1
#define HAVE_STRING_H 1
#define HAVE_MEMORY_H 1
#define HAVE_STRINGS_H 1
#define HAVE_INTTYPES_H 1
#define HAVE_STDINT_H 1
#define HAVE_UNISTD_H 1
#define __EXTENSIONS__ 1
#define _ALL_SOURCE 1
#define _GNU_SOURCE 1
#define _POSIX_PTHREAD_SEMANTICS 1
#define _TANDEM_SOURCE 1
#define HAVE_DLFCN_H 1
#define LT_OBJDIR ".libs/"
#define STDC_HEADERS 1
#define TIME_WITH_SYS_TIME 1
#define HAVE_USELOCALE 1
#define VERSION "1.1.4"
#define ALSA_CONFIG_DIR "/home/lvxinliang/workspace/asr/sounder/out/share/alsa"
#define ALSA_PLUGIN_DIR "/home/lvxinliang/workspace/asr/sounder/out/lib/alsa-lib"
#define ALSA_PKGCONF_DIR "/home/lvxinliang/workspace/asr/sounder/out/lib/pkgconfig"
#define VERSIONED_SYMBOLS /**/
#define __SYMBOL_PREFIX ""
#define TMPDIR "/tmp"
#define HAVE_LIBDL 1
#define HAVE_LIBPTHREAD 1
#define HAVE___THREAD 1
#define HAVE_LIBRT 1
#define HAVE_CLOCK_GETTIME 1
#define HAVE_WORDEXP_H 1
#define HAVE_ENDIAN_H 1
#define HAVE_SYS_SHM_H 1
#define SUPPORT_ALOAD "1"
#define ALSA_DEVICE_DIRECTORY "/dev/snd/"
#define ALOAD_DEVICE_DIRECTORY "/dev/"
#define BUILD_MIXER "1"
#define BUILD_PCM "1"
#define BUILD_RAWMIDI "1"
#define BUILD_HWDEP "1"
#define BUILD_SEQ "1"
#define BUILD_UCM "1"
#define BUILD_TOPOLOGY "1"
#define BUILD_PCM_PLUGIN_RATE "1"
#define BUILD_PCM_PLUGIN_ROUTE "1"
#define BUILD_PCM_PLUGIN_LFLOAT "1"
#define BUILD_PCM_PLUGIN_ADPCM "1"
#define BUILD_PCM_PLUGIN_MULAW "1"
#define BUILD_PCM_PLUGIN_ALAW "1"
#define BUILD_PCM_PLUGIN_MMAP_EMUL "1"
#define SND_MAX_CARDS 32
#define THREAD_SAFE_API "1"

configure: exit 0

## ---------------------- ##
## Running config.status. ##
## ---------------------- ##

This file was extended by alsa-lib config.status 1.1.4, which was
generated by GNU Autoconf 2.69.  Invocation command line was

  CONFIG_FILES    = 
  CONFIG_HEADERS  = 
  CONFIG_LINKS    = 
  CONFIG_COMMANDS = 
  $ ./config.status 

on ubuntu

config.status:1279: creating Makefile
config.status:1279: creating doc/Makefile
config.status:1279: creating doc/pictures/Makefile
config.status:1279: creating doc/doxygen.cfg
config.status:1279: creating include/Makefile
config.status:1279: creating include/sound/Makefile
config.status:1279: creating src/Versions
config.status:1279: creating src/Makefile
config.status:1279: creating src/control/Makefile
config.status:1279: creating src/mixer/Makefile
config.status:1279: creating src/pcm/Makefile
config.status:1279: creating src/pcm/scopes/Makefile
config.status:1279: creating src/rawmidi/Makefile
config.status:1279: creating src/timer/Makefile
config.status:1279: creating src/hwdep/Makefile
config.status:1279: creating src/seq/Makefile
config.status:1279: creating src/ucm/Makefile
config.status:1279: creating src/alisp/Makefile
config.status:1279: creating src/topology/Makefile
config.status:1279: creating src/conf/Makefile
config.status:1279: creating src/conf/alsa.conf.d/Makefile
config.status:1279: creating src/conf/cards/Makefile
config.status:1279: creating src/conf/pcm/Makefile
config.status:1279: creating src/conf/ucm/Makefile
config.status:1279: creating src/conf/ucm/DAISY-I2S/Makefile
config.status:1279: creating src/conf/ucm/PandaBoard/Makefile
config.status:1279: creating src/conf/ucm/PandaBoardES/Makefile
config.status:1279: creating src/conf/ucm/SDP4430/Makefile
config.status:1279: creating src/conf/ucm/tegraalc5632/Makefile
config.status:1279: creating src/conf/ucm/PAZ00/Makefile
config.status:1279: creating src/conf/ucm/GoogleNyan/Makefile
config.status:1279: creating src/conf/ucm/broadwell-rt286/Makefile
config.status:1279: creating src/conf/ucm/skylake-rt286/Makefile
config.status:1279: creating src/conf/ucm/VEYRON-I2S/Makefile
config.status:1279: creating src/conf/ucm/chtrt5645/Makefile
config.status:1279: creating src/conf/ucm/DB410c/Makefile
config.status:1279: creating src/conf/topology/Makefile
config.status:1279: creating src/conf/topology/broadwell/Makefile
config.status:1279: creating modules/Makefile
config.status:1279: creating modules/mixer/Makefile
config.status:1279: creating modules/mixer/simple/Makefile
config.status:1279: creating src/conf/topology/sklrt286/Makefile
config.status:1279: creating src/conf/topology/bxtrt298/Makefile
config.status:1279: creating alsalisp/Makefile
config.status:1279: creating aserver/Makefile
config.status:1279: creating test/Makefile
config.status:1279: creating test/lsb/Makefile
config.status:1279: creating src/conf/ucm/broxton-rt298/Makefile
config.status:1279: creating utils/Makefile
config.status:1279: creating utils/alsa-lib.spec
config.status:1279: creating utils/alsa.pc
config.status:1279: creating include/config.h
config.status:1460: include/config.h is unchanged
config.status:1508: executing depfiles commands
config.status:1508: executing libtool commands

## ---------------------- ##
## Running config.status. ##
## ---------------------- ##

This file was extended by alsa-lib config.status 1.1.4, which was
generated by GNU Autoconf 2.69.  Invocation command line was

  CONFIG_FILES    = 
  CONFIG_HEADERS  = 
  CONFIG_LINKS    = 
  CONFIG_COMMANDS = 
  $ ./config.status include/config.h

on ubuntu

config.status:1279: creating include/config.h
config.status:1460: include/config.h is unchanged
