d:\vr\svn\twirlingcapturesdk\trunk_flex\project\win\twirlingaudioengine\release\vc120.pdb
d:\vr\svn\twirlingcapturesdk\trunk_flex\project\win\twirlingaudioengine\release\sn3d.obj
d:\vr\svn\twirlingcapturesdk\trunk_flex\project\win\twirlingaudioengine\release\resample.obj
d:\vr\svn\twirlingcapturesdk\trunk_flex\project\win\twirlingaudioengine\release\realfft.obj
d:\vr\svn\twirlingcapturesdk\trunk_flex\project\win\twirlingaudioengine\release\equalizer.obj
d:\vr\svn\twirlingcapturesdk\trunk_flex\project\win\twirlingaudioengine\release\dynamicrangecontrol.obj
d:\vr\svn\twirlingcapturesdk\trunk_flex\project\win\twirlingaudioengine\release\localizer.obj
d:\vr\svn\twirlingcapturesdk\trunk_flex\project\win\twirlingaudioengine\release\micarray_core.obj
d:\vr\svn\twirlingcapturesdk\trunk_flex\project\win\twirlingaudioengine\release\core.obj
d:\vr\svn\twirlingcapturesdk\trunk_flex\project\win\twirlingaudioengine\release\binaural.obj
d:\vr\svn\twirlingcapturesdk\trunk_flex\project\win\twirlingaudioengine\release\automaticgaincontrol.obj
d:\vr\svn\twirlingcapturesdk\trunk_flex\project\win\twirlingaudioengine\release\twirlingcapture.obj
d:\vr\svn\twirlingcapturesdk\trunk_flex\project\win\twirlingaudioengine\release\inverse.obj
d:\vr\svn\twirlingcapturesdk\trunk_flex\project\win\twirlingaudioengine\release\beamforming.obj
d:\vr\svn\twirlingcapturesdk\trunk_flex\project\win\twirlingaudioengine\release\ans.obj
d:\vr\svn\twirlingcapturesdk\trunk_flex\project\win\twirlingaudioengine\release\hxvxfromxxxx.obj
d:\vr\svn\twirlingcapturesdk\trunk_flex\project\win\twirlingaudioengine\release\h1v1fromwyzx.obj
d:\vr\svn\twirlingcapturesdk\trunk_flex\project\win\twirlingaudioengine\release\h1v1fromobject.obj
d:\vr\svn\twirlingcapturesdk\trunk_flex\project\win\twirlingaudioengine\release\ambisonic.obj
d:\vr\svn\twirlingcapturesdk\trunk_flex\project\win\twirlingaudioengine\release\res.obj
d:\vr\svn\twirlingcapturesdk\trunk_flex\project\win\twirlingaudioengine\release\aec.obj
d:\vr\svn\twirlingcapturesdk\trunk_flex\project\win\twirlingaudioengine\release\vad.obj
d:\vr\svn\twirlingcapturesdk\trunk_flex\project\win\twirlingaudioengine\release\upmix51.obj
d:\vr\svn\twirlingcapturesdk\trunk_flex\bin\win\release\win32\twirlingcapture.dll
d:\vr\svn\twirlingcapturesdk\trunk_flex\bin\win\release\win32\twirlingcapture.pdb
d:\vr\svn\twirlingcapturesdk\trunk_flex\project\win\twirlingaudioengine\release\twirlingaudioengine.res
d:\vr\svn\twirlingcapturesdk\trunk_flex\lib\win\release\win32\twirlingcapture.lib
d:\vr\svn\twirlingcapturesdk\trunk_flex\lib\win\release\win32\twirlingcapture.exp
d:\vr\svn\twirlingcapturesdk\trunk_flex\project\win\twirlingaudioengine\../../../bin/win/release/win32\twirlingcapture.dll
d:\vr\svn\twirlingcapturesdk\trunk_flex\project\win\twirlingaudioengine\release\twirlingcapture.tlog\cl.command.1.tlog
d:\vr\svn\twirlingcapturesdk\trunk_flex\project\win\twirlingaudioengine\release\twirlingcapture.tlog\cl.read.1.tlog
d:\vr\svn\twirlingcapturesdk\trunk_flex\project\win\twirlingaudioengine\release\twirlingcapture.tlog\cl.write.1.tlog
d:\vr\svn\twirlingcapturesdk\trunk_flex\project\win\twirlingaudioengine\release\twirlingcapture.tlog\link.command.1.tlog
d:\vr\svn\twirlingcapturesdk\trunk_flex\project\win\twirlingaudioengine\release\twirlingcapture.tlog\link.read.1.tlog
d:\vr\svn\twirlingcapturesdk\trunk_flex\project\win\twirlingaudioengine\release\twirlingcapture.tlog\link.write.1.tlog
d:\vr\svn\twirlingcapturesdk\trunk_flex\project\win\twirlingaudioengine\release\twirlingcapture.tlog\rc.command.1.tlog
d:\vr\svn\twirlingcapturesdk\trunk_flex\project\win\twirlingaudioengine\release\twirlingcapture.tlog\rc.read.1.tlog
d:\vr\svn\twirlingcapturesdk\trunk_flex\project\win\twirlingaudioengine\release\twirlingcapture.tlog\rc.write.1.tlog
d:\vr\svn\twirlingcapturesdk\trunk_flex\project\win\twirlingaudioengine\release\twirlingcapture.tlog\twirlingcapture.write.1u.tlog
