  aec.cpp
..\..\src\aec\aec.cpp(593): warning C4101: “j”: 未引用的局部变量
  res.cpp
..\..\src\aec\res.cpp(372): warning C4244: “=”: 从“double”转换到“R”，可能丢失数据
..\..\src\aec\res.cpp(373): warning C4244: “=”: 从“double”转换到“R”，可能丢失数据
..\..\src\aec\res.cpp(374): warning C4244: “=”: 从“double”转换到“R”，可能丢失数据
..\..\src\aec\res.cpp(420): warning C4244: “*=”: 从“double”转换到“R”，可能丢失数据
  ambisonic.cpp
d:\vr\svn\twirlingcapturesdk\trunk_flex\project\src\ambisonic\ambisonicData.h(60): warning C4305: “初始化”: 从“double”到“const float”截断
..\..\src\ambisonic\ambisonic.cpp(63): warning C4244: “=”: 从“double”转换到“R”，可能丢失数据
  h1v1fromobject.cpp
  h1v1fromwyzx.cpp
  hxvxfromxxxx.cpp
  ans.cpp
..\..\src\ans\ans.cpp(316): warning C4244: “初始化”: 从“double”转换到“float”，可能丢失数据
..\..\src\ans\ans.cpp(440): warning C4305: “=”: 从“double”到“float”截断
  beamforming.cpp
..\..\src\ans\beamforming.cpp(315): warning C4244: “初始化”: 从“double”转换到“float”，可能丢失数据
..\..\src\ans\beamforming.cpp(557): warning C4305: “=”: 从“double”到“float”截断
..\..\src\ans\beamforming.cpp(1487): warning C4305: “初始化”: 从“double”到“float”截断
..\..\src\ans\beamforming.cpp(1729): warning C4244: “=”: 从“double”转换到“float”，可能丢失数据
..\..\src\ans\beamforming.cpp(1737): warning C4244: “=”: 从“double”转换到“float”，可能丢失数据
..\..\src\ans\beamforming.cpp(1743): warning C4305: “初始化”: 从“double”到“float”截断
..\..\src\ans\beamforming.cpp(1747): warning C4244: “初始化”: 从“double”转换到“float”，可能丢失数据
..\..\src\ans\beamforming.cpp(1750): warning C4244: “初始化”: 从“double”转换到“float”，可能丢失数据
..\..\src\ans\beamforming.cpp(1761): warning C4244: “=”: 从“double”转换到“float”，可能丢失数据
..\..\src\ans\beamforming.cpp(1826): warning C4305: “初始化”: 从“double”到“float”截断
..\..\src\ans\beamforming.cpp(1830): warning C4244: “初始化”: 从“double”转换到“float”，可能丢失数据
..\..\src\ans\beamforming.cpp(1833): warning C4244: “初始化”: 从“double”转换到“float”，可能丢失数据
..\..\src\ans\beamforming.cpp(1841): warning C4244: “=”: 从“double”转换到“float”，可能丢失数据
..\..\src\ans\beamforming.cpp(1856): warning C4305: “初始化”: 从“double”到“float”截断
..\..\src\ans\beamforming.cpp(1860): warning C4244: “初始化”: 从“double”转换到“float”，可能丢失数据
..\..\src\ans\beamforming.cpp(1863): warning C4244: “初始化”: 从“double”转换到“float”，可能丢失数据
..\..\src\ans\beamforming.cpp(1867): warning C4244: “=”: 从“double”转换到“float”，可能丢失数据
..\..\src\ans\beamforming.cpp(1881): warning C4305: “初始化”: 从“double”到“float”截断
..\..\src\ans\beamforming.cpp(1885): warning C4244: “初始化”: 从“double”转换到“float”，可能丢失数据
..\..\src\ans\beamforming.cpp(1888): warning C4244: “初始化”: 从“double”转换到“float”，可能丢失数据
..\..\src\ans\beamforming.cpp(1892): warning C4244: “=”: 从“double”转换到“float”，可能丢失数据
  inverse.cpp
..\..\src\ans\inverse.cpp(1029): warning C4244: “=”: 从“double”转换到“real”，可能丢失数据
..\..\src\ans\inverse.cpp(1192): warning C4244: “=”: 从“double”转换到“real”，可能丢失数据
..\..\src\ans\inverse.cpp(1451): warning C4244: “=”: 从“doublereal”转换到“real”，可能丢失数据
..\..\src\ans\inverse.cpp(1452): warning C4244: “=”: 从“doublereal”转换到“real”，可能丢失数据
..\..\src\ans\inverse.cpp(1453): warning C4244: “=”: 从“doublereal”转换到“real”，可能丢失数据
..\..\src\ans\inverse.cpp(1454): warning C4244: “=”: 从“doublereal”转换到“real”，可能丢失数据
..\..\src\ans\inverse.cpp(1461): warning C4244: “=”: 从“double”转换到“real”，可能丢失数据
..\..\src\ans\inverse.cpp(1717): warning C4244: “=”: 从“double”转换到“real”，可能丢失数据
..\..\src\ans\inverse.cpp(1740): warning C4244: “=”: 从“doublereal”转换到“real”，可能丢失数据
..\..\src\ans\inverse.cpp(1750): warning C4244: “=”: 从“double”转换到“real”，可能丢失数据
..\..\src\ans\inverse.cpp(1750): warning C4244: “=”: 从“doublereal”转换到“real”，可能丢失数据
..\..\src\ans\inverse.cpp(1786): warning C4244: “=”: 从“double”转换到“real”，可能丢失数据
..\..\src\ans\inverse.cpp(1786): warning C4244: “=”: 从“doublereal”转换到“real”，可能丢失数据
..\..\src\ans\inverse.cpp(1793): warning C4244: “=”: 从“double”转换到“real”，可能丢失数据
..\..\src\ans\inverse.cpp(1794): warning C4244: “=”: 从“doublereal”转换到“real”，可能丢失数据
..\..\src\ans\inverse.cpp(1795): warning C4244: “=”: 从“doublereal”转换到“real”，可能丢失数据
..\..\src\ans\inverse.cpp(1926): warning C4244: “=”: 从“double”转换到“real”，可能丢失数据
..\..\src\ans\inverse.cpp(1927): warning C4244: “=”: 从“doublereal”转换到“real”，可能丢失数据
..\..\src\ans\inverse.cpp(2032): warning C4244: “=”: 从“doublereal”转换到“real”，可能丢失数据
..\..\src\ans\inverse.cpp(2042): warning C4244: “=”: 从“double”转换到“real”，可能丢失数据
..\..\src\ans\inverse.cpp(2042): warning C4244: “=”: 从“doublereal”转换到“real”，可能丢失数据
..\..\src\ans\inverse.cpp(2077): warning C4244: “=”: 从“double”转换到“real”，可能丢失数据
..\..\src\ans\inverse.cpp(2077): warning C4244: “=”: 从“doublereal”转换到“real”，可能丢失数据
..\..\src\ans\inverse.cpp(2085): warning C4244: “=”: 从“double”转换到“real”，可能丢失数据
..\..\src\ans\inverse.cpp(2086): warning C4244: “=”: 从“doublereal”转换到“real”，可能丢失数据
..\..\src\ans\inverse.cpp(2087): warning C4244: “=”: 从“doublereal”转换到“real”，可能丢失数据
..\..\src\ans\inverse.cpp(2221): warning C4244: “=”: 从“double”转换到“real”，可能丢失数据
..\..\src\ans\inverse.cpp(2222): warning C4244: “=”: 从“doublereal”转换到“real”，可能丢失数据
..\..\src\ans\inverse.cpp(2509): warning C4244: “=”: 从“double”转换到“real”，可能丢失数据
..\..\src\ans\inverse.cpp(2517): warning C4244: “=”: 从“double”转换到“real”，可能丢失数据
..\..\src\ans\inverse.cpp(2519): warning C4244: “=”: 从“double”转换到“real”，可能丢失数据
..\..\src\ans\inverse.cpp(3602): warning C4244: “=”: 从“double”转换到“real”，可能丢失数据
..\..\src\ans\inverse.cpp(3615): warning C4244: “=”: 从“double”转换到“real”，可能丢失数据
..\..\src\ans\inverse.cpp(3749): warning C4244: “=”: 从“double”转换到“real”，可能丢失数据
..\..\src\ans\inverse.cpp(3797): warning C4244: “=”: 从“doublereal”转换到“real”，可能丢失数据
..\..\src\ans\inverse.cpp(3807): warning C4244: “=”: 从“double”转换到“real”，可能丢失数据
..\..\src\ans\inverse.cpp(3807): warning C4244: “=”: 从“doublereal”转换到“real”，可能丢失数据
..\..\src\ans\inverse.cpp(3869): warning C4244: “=”: 从“double”转换到“real”，可能丢失数据
..\..\src\ans\inverse.cpp(3869): warning C4244: “=”: 从“doublereal”转换到“real”，可能丢失数据
..\..\src\ans\inverse.cpp(3876): warning C4244: “=”: 从“double”转换到“real”，可能丢失数据
..\..\src\ans\inverse.cpp(3877): warning C4244: “=”: 从“doublereal”转换到“real”，可能丢失数据
..\..\src\ans\inverse.cpp(3878): warning C4244: “=”: 从“doublereal”转换到“real”，可能丢失数据
..\..\src\ans\inverse.cpp(4177): warning C4244: “=”: 从“doublereal”转换到“real”，可能丢失数据
..\..\src\ans\inverse.cpp(4187): warning C4244: “=”: 从“double”转换到“real”，可能丢失数据
..\..\src\ans\inverse.cpp(4187): warning C4244: “=”: 从“doublereal”转换到“real”，可能丢失数据
..\..\src\ans\inverse.cpp(4250): warning C4244: “=”: 从“double”转换到“real”，可能丢失数据
..\..\src\ans\inverse.cpp(4250): warning C4244: “=”: 从“doublereal”转换到“real”，可能丢失数据
..\..\src\ans\inverse.cpp(4258): warning C4244: “=”: 从“double”转换到“real”，可能丢失数据
..\..\src\ans\inverse.cpp(4259): warning C4244: “=”: 从“doublereal”转换到“real”，可能丢失数据
..\..\src\ans\inverse.cpp(4260): warning C4244: “=”: 从“doublereal”转换到“real”，可能丢失数据
..\..\src\ans\inverse.cpp(4886): warning C4244: “=”: 从“double”转换到“real”，可能丢失数据
..\..\src\ans\inverse.cpp(6014): warning C4244: “=”: 从“double”转换到“real”，可能丢失数据
..\..\src\ans\inverse.cpp(6014): warning C4244: “=”: 从“doublereal”转换到“real”，可能丢失数据
..\..\src\ans\inverse.cpp(6047): warning C4244: “=”: 从“doublereal”转换到“real”，可能丢失数据
..\..\src\ans\inverse.cpp(6055): warning C4244: “=”: 从“doublereal”转换到“real”，可能丢失数据
..\..\src\ans\inverse.cpp(6063): warning C4244: “=”: 从“doublereal”转换到“real”，可能丢失数据
..\..\src\ans\inverse.cpp(6070): warning C4244: “=”: 从“doublereal”转换到“real”，可能丢失数据
  TwirlingCapture.cpp
d:\vr\svn\twirlingcapturesdk\trunk_flex\project\src\vad\vadDefines.h(6): warning C4305: “初始化”: 从“double”到“const float”截断
d:\vr\svn\twirlingcapturesdk\trunk_flex\project\src\vad\vadDefines.h(7): warning C4305: “初始化”: 从“double”到“const float”截断
d:\vr\svn\twirlingcapturesdk\trunk_flex\project\src\vad\vadDefines.h(10): warning C4305: “初始化”: 从“double”到“const float”截断
d:\vr\svn\twirlingcapturesdk\trunk_flex\project\src\vad\vadDefines.h(11): warning C4305: “初始化”: 从“double”到“const float”截断
d:\vr\svn\twirlingcapturesdk\trunk_flex\project\src\vad\vadDefines.h(12): warning C4305: “初始化”: 从“double”到“const float”截断
d:\vr\svn\twirlingcapturesdk\trunk_flex\project\src\vad\vadDefines.h(13): warning C4305: “初始化”: 从“double”到“const float”截断
d:\vr\svn\twirlingcapturesdk\trunk_flex\project\src\vad\vadDefines.h(17): warning C4305: “初始化”: 从“double”到“const float”截断
d:\vr\svn\twirlingcapturesdk\trunk_flex\project\src\automaticgaincontrol\agcDefines.h(13): warning C4305: “初始化”: 从“double”到“const float”截断
d:\vr\svn\twirlingcapturesdk\trunk_flex\project\src\automaticgaincontrol\agcDefines.h(17): warning C4305: “初始化”: 从“double”到“const float”截断
  automaticGainControl.cpp
d:\vr\svn\twirlingcapturesdk\trunk_flex\project\src\automaticgaincontrol\agcDefines.h(13): warning C4305: “初始化”: 从“double”到“const float”截断
d:\vr\svn\twirlingcapturesdk\trunk_flex\project\src\automaticgaincontrol\agcDefines.h(17): warning C4305: “初始化”: 从“double”到“const float”截断
d:\vr\svn\twirlingcapturesdk\trunk_flex\project\src\vad\vadDefines.h(6): warning C4305: “初始化”: 从“double”到“const float”截断
d:\vr\svn\twirlingcapturesdk\trunk_flex\project\src\vad\vadDefines.h(7): warning C4305: “初始化”: 从“double”到“const float”截断
d:\vr\svn\twirlingcapturesdk\trunk_flex\project\src\vad\vadDefines.h(10): warning C4305: “初始化”: 从“double”到“const float”截断
d:\vr\svn\twirlingcapturesdk\trunk_flex\project\src\vad\vadDefines.h(11): warning C4305: “初始化”: 从“double”到“const float”截断
d:\vr\svn\twirlingcapturesdk\trunk_flex\project\src\vad\vadDefines.h(12): warning C4305: “初始化”: 从“double”到“const float”截断
d:\vr\svn\twirlingcapturesdk\trunk_flex\project\src\vad\vadDefines.h(13): warning C4305: “初始化”: 从“double”到“const float”截断
d:\vr\svn\twirlingcapturesdk\trunk_flex\project\src\vad\vadDefines.h(17): warning C4305: “初始化”: 从“double”到“const float”截断
  binaural.cpp
..\..\src\binaural\binaural.cpp(21): warning C4305: “初始化”: 从“double”到“float”截断
  core.cpp
..\..\src\core\core.cpp(130): warning C4244: “参数”: 从“float”转换到“int”，可能丢失数据
  micarray_core.cpp
  localizer.cpp
d:\vr\svn\twirlingcapturesdk\trunk_flex\project\src\vad\vadDefines.h(6): warning C4305: “初始化”: 从“double”到“const float”截断
d:\vr\svn\twirlingcapturesdk\trunk_flex\project\src\vad\vadDefines.h(7): warning C4305: “初始化”: 从“double”到“const float”截断
d:\vr\svn\twirlingcapturesdk\trunk_flex\project\src\vad\vadDefines.h(10): warning C4305: “初始化”: 从“double”到“const float”截断
d:\vr\svn\twirlingcapturesdk\trunk_flex\project\src\vad\vadDefines.h(11): warning C4305: “初始化”: 从“double”到“const float”截断
d:\vr\svn\twirlingcapturesdk\trunk_flex\project\src\vad\vadDefines.h(12): warning C4305: “初始化”: 从“double”到“const float”截断
d:\vr\svn\twirlingcapturesdk\trunk_flex\project\src\vad\vadDefines.h(13): warning C4305: “初始化”: 从“double”到“const float”截断
d:\vr\svn\twirlingcapturesdk\trunk_flex\project\src\vad\vadDefines.h(17): warning C4305: “初始化”: 从“double”到“const float”截断
..\..\src\doa\localizer.cpp(54): warning C4305: “=”: 从“double”到“float”截断
..\..\src\doa\localizer.cpp(69): warning C4305: “=”: 从“double”到“float”截断
..\..\src\doa\localizer.cpp(70): warning C4305: “=”: 从“double”到“float”截断
..\..\src\doa\localizer.cpp(127): warning C4244: “初始化”: 从“double”转换到“float”，可能丢失数据
..\..\src\doa\localizer.cpp(140): warning C4244: “初始化”: 从“double”转换到“float”，可能丢失数据
..\..\src\doa\localizer.cpp(163): warning C4244: “初始化”: 从“double”转换到“float”，可能丢失数据
..\..\src\doa\localizer.cpp(167): warning C4244: “初始化”: 从“double”转换到“float”，可能丢失数据
..\..\src\doa\localizer.cpp(186): warning C4244: “初始化”: 从“double”转换到“float”，可能丢失数据
..\..\src\doa\localizer.cpp(190): warning C4244: “初始化”: 从“double”转换到“float”，可能丢失数据
..\..\src\doa\localizer.cpp(192): warning C4244: “初始化”: 从“double”转换到“float”，可能丢失数据
..\..\src\doa\localizer.cpp(203): warning C4244: “初始化”: 从“double”转换到“float”，可能丢失数据
..\..\src\doa\localizer.cpp(207): warning C4244: “初始化”: 从“double”转换到“float”，可能丢失数据
..\..\src\doa\localizer.cpp(209): warning C4244: “初始化”: 从“double”转换到“float”，可能丢失数据
..\..\src\doa\localizer.cpp(220): warning C4244: “初始化”: 从“double”转换到“float”，可能丢失数据
..\..\src\doa\localizer.cpp(224): warning C4244: “初始化”: 从“double”转换到“float”，可能丢失数据
..\..\src\doa\localizer.cpp(226): warning C4244: “初始化”: 从“double”转换到“float”，可能丢失数据
..\..\src\doa\localizer.cpp(364): warning C4305: “=”: 从“double”到“float”截断
..\..\src\doa\localizer.cpp(365): warning C4305: “=”: 从“double”到“float”截断
..\..\src\doa\localizer.cpp(367): warning C4305: “=”: 从“double”到“float”截断
..\..\src\doa\localizer.cpp(368): warning C4305: “=”: 从“double”到“float”截断
..\..\src\doa\localizer.cpp(369): warning C4305: “=”: 从“double”到“float”截断
..\..\src\doa\localizer.cpp(370): warning C4305: “=”: 从“double”到“float”截断
..\..\src\doa\localizer.cpp(371): warning C4305: “=”: 从“double”到“float”截断
..\..\src\doa\localizer.cpp(372): warning C4305: “=”: 从“double”到“float”截断
..\..\src\doa\localizer.cpp(373): warning C4305: “=”: 从“double”到“float”截断
..\..\src\doa\localizer.cpp(374): warning C4305: “=”: 从“double”到“float”截断
..\..\src\doa\localizer.cpp(716): warning C4244: “初始化”: 从“int”转换到“float”，可能丢失数据
  dynamicRangeControl.cpp
  equalizer.cpp
..\..\src\equalizer\equalizer.cpp(95): warning C4244: “=”: 从“double”转换到“float”，可能丢失数据
  realFFT.cpp
..\..\src\fft\realFFT.cpp(61): warning C4018: “<”: 有符号/无符号不匹配
..\..\src\fft\realFFT.cpp(65): warning C4018: “<”: 有符号/无符号不匹配
..\..\src\fft\realFFT.cpp(89): warning C4018: “<”: 有符号/无符号不匹配
..\..\src\fft\realFFT.cpp(135): warning C4018: “<”: 有符号/无符号不匹配
..\..\src\fft\realFFT.cpp(171): warning C4018: “<”: 有符号/无符号不匹配
..\..\src\fft\realFFT.cpp(186): warning C4018: “<”: 有符号/无符号不匹配
  resample.cpp
  sn3d.cpp
..\..\src\sn3d\sn3d.cpp(12): warning C4305: “初始化”: 从“double”到“float”截断
..\..\src\sn3d\sn3d.cpp(16): warning C4305: “初始化”: 从“double”到“float”截断
..\..\src\sn3d\sn3d.cpp(20): warning C4305: “初始化”: 从“double”到“float”截断
  正在编译...
  upmix51.cpp
..\..\src\upmix51\upmix51.cpp(52): warning C4305: “初始化”: 从“double”到“float”截断
..\..\src\upmix51\upmix51.cpp(74): warning C4101: “n”: 未引用的局部变量
..\..\src\upmix51\upmix51.cpp(74): warning C4101: “i”: 未引用的局部变量
..\..\src\upmix51\upmix51.cpp(74): warning C4101: “j”: 未引用的局部变量
  vad.cpp
d:\vr\svn\twirlingcapturesdk\trunk_flex\project\src\vad\vadDefines.h(6): warning C4305: “初始化”: 从“double”到“const float”截断
d:\vr\svn\twirlingcapturesdk\trunk_flex\project\src\vad\vadDefines.h(7): warning C4305: “初始化”: 从“double”到“const float”截断
d:\vr\svn\twirlingcapturesdk\trunk_flex\project\src\vad\vadDefines.h(10): warning C4305: “初始化”: 从“double”到“const float”截断
d:\vr\svn\twirlingcapturesdk\trunk_flex\project\src\vad\vadDefines.h(11): warning C4305: “初始化”: 从“double”到“const float”截断
d:\vr\svn\twirlingcapturesdk\trunk_flex\project\src\vad\vadDefines.h(12): warning C4305: “初始化”: 从“double”到“const float”截断
d:\vr\svn\twirlingcapturesdk\trunk_flex\project\src\vad\vadDefines.h(13): warning C4305: “初始化”: 从“double”到“const float”截断
d:\vr\svn\twirlingcapturesdk\trunk_flex\project\src\vad\vadDefines.h(17): warning C4305: “初始化”: 从“double”到“const float”截断
..\..\src\vad\vad.cpp(14): warning C4244: “初始化”: 从“int”转换到“float”，可能丢失数据
..\..\src\vad\vad.cpp(21): warning C4244: “=”: 从“double”转换到“float”，可能丢失数据
..\..\src\vad\vad.cpp(22): warning C4244: “=”: 从“double”转换到“float”，可能丢失数据
..\..\src\vad\vad.cpp(23): warning C4244: “=”: 从“double”转换到“float”，可能丢失数据
..\..\src\vad\vad.cpp(24): warning C4244: “=”: 从“float”转换到“int”，可能丢失数据
..\..\src\vad\vad.cpp(25): warning C4244: “=”: 从“float”转换到“int”，可能丢失数据
     正在创建库 ../../../lib/win/Release/Win32/TwirlingCapture.lib 和对象 ../../../lib/win/Release/Win32/TwirlingCapture.exp
  正在生成代码
  已完成代码的生成
  TwirlingAudioEngine.vcxproj -> D:\VR\svn\TwirlingCaptureSDK\trunk_flex\project\win\TwirlingAudioEngine\../../../bin/win/Release/Win32\TwirlingCapture.dll
