============================================================
Time  2018/08/17 09:59:04 805 
============================================================
[2018/08/17 09:59:04 805] grm_lex    264  SYS_MSG_LOAD  
[2018/08/17 09:59:04 805] grm_lex    281  SYS_MSG_REGCB  
[2018/08/17 09:59:04 805] grm_lex    267  SYS_MSG_UNLOAD  
[2018/08/17 09:59:04 805] grm_lex    281  SYS_MSG_REGCB  
[2018/08/17 09:59:04 805] grm_lex    251  ISR_MSG_BUILDGRAMMAR  
[2018/08/17 09:59:04 805] grm_lex    100  grm_type :  bnf  
[2018/08/17 09:59:04 805] grm_lex    106  engine_type  :  local  
[2018/08/17 09:59:04 805] grm_lex    106  asr_res_path  :  fo|res/asr/common.jet  
[2018/08/17 09:59:04 805] grm_lex    106  sample_rate  :  16000  
[2018/08/17 09:59:04 805] grm_lex    106  grm_build_path  :  res/asr/GrmBuilld  
[2018/08/17 09:59:04 825] grm_lex    254  ISR_MSG_BUILDGRAMMAR ret =  0  
[2018/08/17 09:59:04 909] grm_lex    71   0  call  
============================================================
Time  2018/08/17 09:59:17 651 
============================================================
[2018/08/17 09:59:17 651] grm_lex    264  SYS_MSG_LOAD  
[2018/08/17 09:59:17 651] grm_lex    281  SYS_MSG_REGCB  
[2018/08/17 09:59:17 651] grm_lex    267  SYS_MSG_UNLOAD  
[2018/08/17 09:59:17 651] grm_lex    281  SYS_MSG_REGCB  
[2018/08/17 09:59:17 651] grm_lex    257  ISR_MSG_UPDATELEXICON  
[2018/08/17 09:59:17 651] grm_lex    168  contact  16  
[2018/08/17 09:59:17 651] grm_lex    174  engine_type  :  local  
[2018/08/17 09:59:17 652] grm_lex    174  text_encoding  :  UTF-8  
[2018/08/17 09:59:17 652] grm_lex    174  asr_res_path  :  fo|res/asr/common.jet  
[2018/08/17 09:59:17 652] grm_lex    174  sample_rate  :  16000  
[2018/08/17 09:59:17 652] grm_lex    174  grm_build_path  :  res/asr/GrmBuilld  
[2018/08/17 09:59:17 652] grm_lex    174  grammar_list  :  call  
[2018/08/17 09:59:17 653] grm_lex    260  ISR_MSG_UPDATELEXICON ret =  0  
[2018/08/17 09:59:17 663] grm_lex    71   0  call  
============================================================
Time  2018/08/17 10:04:17 178 
============================================================
[2018/08/17 10:04:17 178] grm_lex    264  SYS_MSG_LOAD  
[2018/08/17 10:04:17 179] grm_lex    281  SYS_MSG_REGCB  
[2018/08/17 10:04:17 179] grm_lex    267  SYS_MSG_UNLOAD  
[2018/08/17 10:04:17 179] grm_lex    281  SYS_MSG_REGCB  
[2018/08/17 10:04:17 179] grm_lex    251  ISR_MSG_BUILDGRAMMAR  
[2018/08/17 10:04:17 179] grm_lex    100  grm_type :  bnf  
[2018/08/17 10:04:17 179] grm_lex    106  engine_type  :  local  
[2018/08/17 10:04:17 179] grm_lex    106  asr_res_path  :  fo|res/asr/common.jet  
[2018/08/17 10:04:17 179] grm_lex    106  sample_rate  :  16000  
[2018/08/17 10:04:17 179] grm_lex    106  grm_build_path  :  res/asr/GrmBuilld  
[2018/08/17 10:04:17 180] grm_lex    254  ISR_MSG_BUILDGRAMMAR ret =  0  
[2018/08/17 10:04:17 189] grm_lex    71   0  call  
============================================================
Time  2018/08/17 10:04:25 137 
============================================================
[2018/08/17 10:04:25 137] grm_lex    264  SYS_MSG_LOAD  
[2018/08/17 10:04:25 137] grm_lex    281  SYS_MSG_REGCB  
[2018/08/17 10:04:25 139] grm_lex    267  SYS_MSG_UNLOAD  
[2018/08/17 10:04:25 139] grm_lex    281  SYS_MSG_REGCB  
[2018/08/17 10:04:25 139] grm_lex    257  ISR_MSG_UPDATELEXICON  
[2018/08/17 10:04:25 139] grm_lex    168  contact  16  
[2018/08/17 10:04:25 139] grm_lex    174  engine_type  :  local  
[2018/08/17 10:04:25 139] grm_lex    174  text_encoding  :  UTF-8  
[2018/08/17 10:04:25 140] grm_lex    174  asr_res_path  :  fo|res/asr/common.jet  
[2018/08/17 10:04:25 140] grm_lex    174  sample_rate  :  16000  
[2018/08/17 10:04:25 140] grm_lex    174  grm_build_path  :  res/asr/GrmBuilld  
[2018/08/17 10:04:25 140] grm_lex    174  grammar_list  :  call  
[2018/08/17 10:04:25 141] grm_lex    260  ISR_MSG_UPDATELEXICON ret =  0  
[2018/08/17 10:04:25 150] grm_lex    71   0  call  
============================================================
Time  2018/08/17 10:04:34 493 
============================================================
[2018/08/17 10:04:34 493] grm_lex    264  SYS_MSG_LOAD  
[2018/08/17 10:04:34 493] grm_lex    281  SYS_MSG_REGCB  
[2018/08/17 10:04:34 493] grm_lex    267  SYS_MSG_UNLOAD  
[2018/08/17 10:04:34 493] grm_lex    281  SYS_MSG_REGCB  
[2018/08/17 10:04:34 493] grm_lex    251  ISR_MSG_BUILDGRAMMAR  
[2018/08/17 10:04:34 493] grm_lex    100  grm_type :  bnf  
[2018/08/17 10:04:34 493] grm_lex    106  engine_type  :  local  
[2018/08/17 10:04:34 493] grm_lex    106  asr_res_path  :  fo|res/asr/common.jet  
[2018/08/17 10:04:34 493] grm_lex    106  sample_rate  :  16000  
[2018/08/17 10:04:34 493] grm_lex    106  grm_build_path  :  res/asr/GrmBuilld  
[2018/08/17 10:04:34 494] grm_lex    254  ISR_MSG_BUILDGRAMMAR ret =  0  
[2018/08/17 10:04:34 512] grm_lex    71   0  call  
============================================================
Time  2018/08/17 10:05:01 031 
============================================================
[2018/08/17 10:05:01 031] grm_lex    264  SYS_MSG_LOAD  
[2018/08/17 10:05:01 031] grm_lex    281  SYS_MSG_REGCB  
[2018/08/17 10:05:01 031] grm_lex    267  SYS_MSG_UNLOAD  
[2018/08/17 10:05:01 031] grm_lex    281  SYS_MSG_REGCB  
[2018/08/17 10:05:01 031] grm_lex    257  ISR_MSG_UPDATELEXICON  
[2018/08/17 10:05:01 031] grm_lex    168  contact  16  
[2018/08/17 10:05:01 032] grm_lex    174  engine_type  :  local  
[2018/08/17 10:05:01 032] grm_lex    174  text_encoding  :  UTF-8  
[2018/08/17 10:05:01 032] grm_lex    174  asr_res_path  :  fo|res/asr/common.jet  
[2018/08/17 10:05:01 032] grm_lex    174  sample_rate  :  16000  
[2018/08/17 10:05:01 032] grm_lex    174  grm_build_path  :  res/asr/GrmBuilld  
[2018/08/17 10:05:01 032] grm_lex    174  grammar_list  :  call  
[2018/08/17 10:05:01 034] grm_lex    260  ISR_MSG_UPDATELEXICON ret =  0  
[2018/08/17 10:05:01 041] grm_lex    71   0  call  
============================================================
Time  2018/08/22 17:06:06 864 
============================================================
[2018/08/22 17:06:06 864] grm_lex    264  SYS_MSG_LOAD  
[2018/08/22 17:06:06 896] grm_lex    281  SYS_MSG_REGCB  
[2018/08/22 17:06:06 897] grm_lex    267  SYS_MSG_UNLOAD  
[2018/08/22 17:06:06 897] grm_lex    281  SYS_MSG_REGCB  
[2018/08/22 17:06:06 897] grm_lex    251  ISR_MSG_BUILDGRAMMAR  
[2018/08/22 17:06:06 897] grm_lex    100  grm_type :  bnf  
[2018/08/22 17:06:06 897] grm_lex    106  engine_type  :  local  
[2018/08/22 17:06:06 897] grm_lex    106  asr_res_path  :  fo|res/asr/common.jet  
[2018/08/22 17:06:06 897] grm_lex    106  sample_rate  :  16000  
[2018/08/22 17:06:06 897] grm_lex    106  grm_build_path  :  res/asr/GrmBuilld  
[2018/08/22 17:06:06 898] grm_lex    254  ISR_MSG_BUILDGRAMMAR ret =  0  
[2018/08/22 17:06:07 015] grm_lex    71   0  call  
============================================================
Time  2018/08/22 17:06:13 522 
============================================================
[2018/08/22 17:06:13 522] grm_lex    264  SYS_MSG_LOAD  
[2018/08/22 17:06:13 523] grm_lex    281  SYS_MSG_REGCB  
[2018/08/22 17:06:13 525] grm_lex    267  SYS_MSG_UNLOAD  
[2018/08/22 17:06:13 525] grm_lex    281  SYS_MSG_REGCB  
[2018/08/22 17:06:13 526] grm_lex    257  ISR_MSG_UPDATELEXICON  
[2018/08/22 17:06:13 526] grm_lex    168  contact  16  
[2018/08/22 17:06:13 526] grm_lex    174  engine_type  :  local  
[2018/08/22 17:06:13 526] grm_lex    174  text_encoding  :  UTF-8  
[2018/08/22 17:06:13 526] grm_lex    174  asr_res_path  :  fo|res/asr/common.jet  
[2018/08/22 17:06:13 526] grm_lex    174  sample_rate  :  16000  
[2018/08/22 17:06:13 526] grm_lex    174  grm_build_path  :  res/asr/GrmBuilld  
[2018/08/22 17:06:13 526] grm_lex    174  grammar_list  :  call  
[2018/08/22 17:06:13 527] grm_lex    260  ISR_MSG_UPDATELEXICON ret =  0  
[2018/08/22 17:06:13 537] grm_lex    71   0  call  
